#
# There is insufficient memory for the Java Runtime Environment to continue.
# Native memory allocation (malloc) failed to allocate 1807536 bytes for Chunk::new
# Possible reasons:
#   The system is out of physical RAM or swap space
#   The process is running with CompressedOops enabled, and the Java Heap may be blocking the growth of the native heap
# Possible solutions:
#   Reduce memory load on the system
#   Increase physical memory or swap space
#   Check if swap backing store is full
#   Decrease Java heap size (-Xmx/-Xms)
#   Decrease number of Java threads
#   Decrease Java thread stack sizes (-Xss)
#   Set larger code cache with -XX:ReservedCodeCacheSize=
#   JVM is running with Unscaled Compressed Oops mode in which the Java heap is
#     placed in the first 4GB address space. The Java Heap base address is the
#     maximum limit for the native heap growth. Please use -XX:HeapBaseMinAddress
#     to set the Java Heap base and to place the Java Heap above 4GB virtual address.
# This output file may be truncated or incomplete.
#
#  Out of Memory Error (./src/hotspot/share/memory/arena.cpp:197), pid=3788, tid=5572
#
# JRE version: OpenJDK Runtime Environment (11.0.10) (build 11.0.10+0-b96-7249189)
# Java VM: OpenJDK 64-Bit Server VM (11.0.10+0-b96-7249189, mixed mode, tiered, compressed oops, g1 gc, windows-amd64)
# No core dump will be written. Minidumps are not enabled by default on client versions of Windows
#

---------------  S U M M A R Y ------------

Command Line: --add-opens=java.base/java.util=ALL-UNNAMED --add-opens=java.base/java.lang=ALL-UNNAMED --add-opens=java.base/java.lang.invoke=ALL-UNNAMED --add-opens=java.base/java.util=ALL-UNNAMED --add-opens=java.prefs/java.util.prefs=ALL-UNNAMED --add-opens=java.prefs/java.util.prefs=ALL-UNNAMED --add-opens=java.base/java.nio.charset=ALL-UNNAMED --add-opens=java.base/java.net=ALL-UNNAMED --add-opens=java.base/java.util.concurrent.atomic=ALL-UNNAMED -Xmx2048m -Dfile.encoding=UTF-8 -Duser.country=RU -Duser.language=ru -Duser.variant org.gradle.launcher.daemon.bootstrap.GradleDaemon 7.0.2

Host: Intel(R) Core(TM) i3-8145U CPU @ 2.10GHz, 4 cores, 7G,  Windows 10 , 64 bit Build 19041 (10.0.19041.1023)
Time: Wed Nov 17 10:59:23 2021 Финляндия (зима) elapsed time: 42.768804 seconds (0d 0h 0m 42s)

---------------  T H R E A D  ---------------

Current thread (0x0000029b4ec74800):  JavaThread "C2 CompilerThread0" daemon [_thread_in_native, id=5572, stack(0x000000fa27c00000,0x000000fa27d00000)]


Current CompileTask:
C2:  42768 19993 %     4       com.android.tools.r8.ir.regalloc.a::a @ 2204 (3985 bytes)

Stack: [0x000000fa27c00000,0x000000fa27d00000]
Native frames: (J=compiled Java code, j=interpreted, Vv=VM code, C=native code)
V  [jvm.dll+0x5ecfaa]
V  [jvm.dll+0x722bd5]
V  [jvm.dll+0x72412d]
V  [jvm.dll+0x7247e3]
V  [jvm.dll+0x242928]
V  [jvm.dll+0xbc4fc]
V  [jvm.dll+0xbca0c]
V  [jvm.dll+0x352d3b]
V  [jvm.dll+0x19800c]
V  [jvm.dll+0x1fb70e]
V  [jvm.dll+0x1fa7f4]
V  [jvm.dll+0x18354c]
V  [jvm.dll+0x208ee7]
V  [jvm.dll+0x207731]
V  [jvm.dll+0x6eb1cf]
V  [jvm.dll+0x6e3d45]
V  [jvm.dll+0x5ebe96]
C  [ucrtbase.dll+0x21bb2]
C  [KERNEL32.DLL+0x17034]
C  [ntdll.dll+0x52651]


---------------  P R O C E S S  ---------------

Threads class SMR info:
_java_thread_list=0x0000029b505b23a0, length=53, elements={
0x0000029b3506e000, 0x0000029b4ec52800, 0x0000029b4ec5c000, 0x0000029b4ec6d800,
0x0000029b4ec6f000, 0x0000029b4ec70000, 0x0000029b4ec74800, 0x0000029b4ec79000,
0x0000029b4ec86800, 0x0000029b4f733800, 0x0000029b5093e800, 0x0000029b4f81b800,
0x0000029b50963000, 0x0000029b5164b000, 0x0000029b52f42800, 0x0000029b520e3000,
0x0000029b520df800, 0x0000029b520e0800, 0x0000029b520e2000, 0x0000029b520dd000,
0x0000029b51f49800, 0x0000029b51f47000, 0x0000029b51f44800, 0x0000029b51f46000,
0x0000029b51f4f000, 0x0000029b51f4e000, 0x0000029b51f53000, 0x0000029b51a77000,
0x0000029b51a71800, 0x0000029b51a74000, 0x0000029b51a74800, 0x0000029b51a6f800,
0x0000029b51a6f000, 0x0000029b51a72000, 0x0000029b51a75800, 0x0000029b51a70800,
0x0000029b51a78800, 0x0000029b51a7a800, 0x0000029b51a7b000, 0x0000029b51a76800,
0x0000029b51a79800, 0x0000029b51a7d000, 0x0000029b51a7c000, 0x0000029b51a7d800,
0x0000029b51f45000, 0x0000029b51f4c800, 0x0000029b51f4b800, 0x0000029b51f4d800,
0x0000029b51f47800, 0x0000029b51f50800, 0x0000029b51f51800, 0x0000029b520e1800,
0x0000029b520e4000
}

Java Threads: ( => current thread )
  0x0000029b3506e000 JavaThread "main" [_thread_blocked, id=1620, stack(0x000000fa27000000,0x000000fa27100000)]
  0x0000029b4ec52800 JavaThread "Reference Handler" daemon [_thread_blocked, id=4160, stack(0x000000fa27700000,0x000000fa27800000)]
  0x0000029b4ec5c000 JavaThread "Finalizer" daemon [_thread_blocked, id=8900, stack(0x000000fa27800000,0x000000fa27900000)]
  0x0000029b4ec6d800 JavaThread "Signal Dispatcher" daemon [_thread_blocked, id=8332, stack(0x000000fa27900000,0x000000fa27a00000)]
  0x0000029b4ec6f000 JavaThread "Attach Listener" daemon [_thread_blocked, id=2520, stack(0x000000fa27a00000,0x000000fa27b00000)]
  0x0000029b4ec70000 JavaThread "Service Thread" daemon [_thread_blocked, id=9612, stack(0x000000fa27b00000,0x000000fa27c00000)]
=>0x0000029b4ec74800 JavaThread "C2 CompilerThread0" daemon [_thread_in_native, id=5572, stack(0x000000fa27c00000,0x000000fa27d00000)]
  0x0000029b4ec79000 JavaThread "C1 CompilerThread0" daemon [_thread_blocked, id=7992, stack(0x000000fa27d00000,0x000000fa27e00000)]
  0x0000029b4ec86800 JavaThread "Sweeper thread" daemon [_thread_blocked, id=8008, stack(0x000000fa27e00000,0x000000fa27f00000)]
  0x0000029b4f733800 JavaThread "Common-Cleaner" daemon [_thread_blocked, id=640, stack(0x000000fa27f00000,0x000000fa28000000)]
  0x0000029b5093e800 JavaThread "Daemon health stats" [_thread_blocked, id=10144, stack(0x000000fa28400000,0x000000fa28500000)]
  0x0000029b4f81b800 JavaThread "Incoming local TCP Connector on port 61946" [_thread_in_native, id=7500, stack(0x000000fa28100000,0x000000fa28200000)]
  0x0000029b50963000 JavaThread "Daemon periodic checks" [_thread_blocked, id=8968, stack(0x000000fa28500000,0x000000fa28600000)]
  0x0000029b5164b000 JavaThread "Daemon" [_thread_blocked, id=772, stack(0x000000fa28600000,0x000000fa28700000)]
  0x0000029b52f42800 JavaThread "Daemon worker" [_thread_blocked, id=544, stack(0x000000fa28900000,0x000000fa28a00000)]
  0x0000029b520e3000 JavaThread "Cache worker for file hash cache (C:\Users\User\.gradle\caches\7.0.2\fileHashes)" [_thread_blocked, id=7492, stack(0x000000fa28f00000,0x000000fa29000000)]
  0x0000029b520df800 JavaThread "File lock request listener" [_thread_in_native, id=8448, stack(0x000000fa29000000,0x000000fa29100000)]
  0x0000029b520e0800 JavaThread "Cache worker for journal cache (C:\Users\User\.gradle\caches\journal-1)" [_thread_blocked, id=9696, stack(0x000000fa29100000,0x000000fa29200000)]
  0x0000029b520e2000 JavaThread "File watcher server" daemon [_thread_in_native, id=548, stack(0x000000fa29300000,0x000000fa29400000)]
  0x0000029b520dd000 JavaThread "File watcher consumer" daemon [_thread_blocked, id=11348, stack(0x000000fa29400000,0x000000fa29500000)]
  0x0000029b51f49800 JavaThread "Cache worker for execution history cache (C:\Users\User\.gradle\caches\7.0.2\executionHistory)" [_thread_blocked, id=6064, stack(0x000000fa29800000,0x000000fa29900000)]
  0x0000029b51f47000 JavaThread "jar transforms" [_thread_blocked, id=940, stack(0x000000fa29900000,0x000000fa29a00000)]
  0x0000029b51f44800 JavaThread "jar transforms Thread 2" [_thread_blocked, id=7128, stack(0x000000fa29a00000,0x000000fa29b00000)]
  0x0000029b51f46000 JavaThread "Cache worker for file content cache (C:\Users\User\.gradle\caches\7.0.2\fileContent)" [_thread_blocked, id=3460, stack(0x000000fa29b00000,0x000000fa29c00000)]
  0x0000029b51f4f000 JavaThread "jar transforms Thread 3" [_thread_blocked, id=628, stack(0x000000fa29d00000,0x000000fa29e00000)]
  0x0000029b51f4e000 JavaThread "jar transforms Thread 4" [_thread_blocked, id=4988, stack(0x000000fa2a300000,0x000000fa2a400000)]
  0x0000029b51f53000 JavaThread "Memory manager" [_thread_blocked, id=2032, stack(0x000000fa2a400000,0x000000fa2a500000)]
  0x0000029b51a77000 JavaThread "Java2D Disposer" daemon [_thread_blocked, id=9704, stack(0x000000fa2b000000,0x000000fa2b100000)]
  0x0000029b51a71800 JavaThread "Handler for socket connection from /127.0.0.1:61946 to /127.0.0.1:61952" [_thread_in_native, id=10700, stack(0x000000fa28700000,0x000000fa28800000)]
  0x0000029b51a74000 JavaThread "Cancel handler" [_thread_blocked, id=3320, stack(0x000000fa28800000,0x000000fa28900000)]
  0x0000029b51a74800 JavaThread "Asynchronous log dispatcher for DefaultDaemonConnection: socket connection from /127.0.0.1:61946 to /127.0.0.1:61952" [_thread_blocked, id=1632, stack(0x000000fa28b00000,0x000000fa28c00000)]
  0x0000029b51a6f800 JavaThread "Stdin handler" [_thread_blocked, id=12264, stack(0x000000fa28c00000,0x000000fa28d00000)]
  0x0000029b51a6f000 JavaThread "Daemon client event forwarder" [_thread_blocked, id=10604, stack(0x000000fa28d00000,0x000000fa28e00000)]
  0x0000029b51a72000 JavaThread "Cache worker for file hash cache (C:\Users\User\AndroidStudioProjects\Tanks\.gradle\7.0.2\fileHashes)" [_thread_blocked, id=8416, stack(0x000000fa28e00000,0x000000fa28f00000)]
  0x0000029b51a75800 JavaThread "Cache worker for checksums cache (C:\Users\User\AndroidStudioProjects\Tanks\.gradle\checksums)" [_thread_blocked, id=2104, stack(0x000000fa29200000,0x000000fa29300000)]
  0x0000029b51a70800 JavaThread "C2 CompilerThread1" daemon [_thread_in_native, id=3376, stack(0x000000fa29500000,0x000000fa29600000)]
  0x0000029b51a78800 JavaThread "Cache worker for cache directory md-supplier (C:\Users\User\.gradle\caches\7.0.2\md-supplier)" [_thread_blocked, id=11968, stack(0x000000fa29600000,0x000000fa29700000)]
  0x0000029b51a7a800 JavaThread "Cache worker for cache directory md-rule (C:\Users\User\.gradle\caches\7.0.2\md-rule)" [_thread_blocked, id=3816, stack(0x000000fa29700000,0x000000fa29800000)]
  0x0000029b51a7b000 JavaThread "Cache worker for dependencies-accessors (C:\Users\User\AndroidStudioProjects\Tanks\.gradle\7.0.2\dependencies-accessors)" [_thread_blocked, id=1020, stack(0x000000fa29c00000,0x000000fa29d00000)]
  0x0000029b51a76800 JavaThread "Cache worker for Build Output Cleanup Cache (C:\Users\User\AndroidStudioProjects\Tanks\.gradle\buildOutputCleanup)" [_thread_blocked, id=6920, stack(0x000000fa29e00000,0x000000fa29f00000)]
  0x0000029b51a79800 JavaThread "Build operations" [_thread_blocked, id=4344, stack(0x000000fa29f00000,0x000000fa2a000000)]
  0x0000029b51a7d000 JavaThread "Build operations Thread 2" [_thread_in_Java, id=3036, stack(0x000000fa2a000000,0x000000fa2a100000)]
  0x0000029b51a7c000 JavaThread "Build operations Thread 3" [_thread_blocked, id=2064, stack(0x000000fa2a100000,0x000000fa2a200000)]
  0x0000029b51a7d800 JavaThread "Build operations Thread 4" [_thread_in_Java, id=11980, stack(0x000000fa2a200000,0x000000fa2a300000)]
  0x0000029b51f45000 JavaThread "build event listener" [_thread_blocked, id=6984, stack(0x000000fa2a500000,0x000000fa2a600000)]
  0x0000029b51f4c800 JavaThread "Execution worker for ':'" [_thread_blocked, id=3068, stack(0x000000fa2a600000,0x000000fa2a700000)]
  0x0000029b51f4b800 JavaThread "Execution worker for ':' Thread 2" [_thread_blocked, id=3268, stack(0x000000fa2a700000,0x000000fa2a800000)]
  0x0000029b51f4d800 JavaThread "Execution worker for ':' Thread 3" [_thread_blocked, id=6068, stack(0x000000fa2a800000,0x000000fa2a900000)]
  0x0000029b51f47800 JavaThread "Cache worker for execution history cache (C:\Users\User\AndroidStudioProjects\Tanks\.gradle\7.0.2\executionHistory)" [_thread_blocked, id=11624, stack(0x000000fa2a900000,0x000000fa2aa00000)]
  0x0000029b51f50800 JavaThread "WorkerExecutor Queue" [_thread_blocked, id=11960, stack(0x000000fa2ac00000,0x000000fa2ad00000)]
  0x0000029b51f51800 JavaThread "WorkerExecutor Queue Thread 2" [_thread_blocked, id=4700, stack(0x000000fa2ad00000,0x000000fa2ae00000)]
  0x0000029b520e1800 JavaThread "WorkerExecutor Queue Thread 3" [_thread_blocked, id=11144, stack(0x000000fa2ae00000,0x000000fa2af00000)]
  0x0000029b520e4000 JavaThread "WorkerExecutor Queue Thread 4" [_thread_blocked, id=8948, stack(0x000000fa2af00000,0x000000fa2b000000)]

Other Threads:
  0x0000029b4ec4d000 VMThread "VM Thread" [stack: 0x000000fa27600000,0x000000fa27700000] [id=1504]
  0x0000029b4f768800 WatcherThread [stack: 0x000000fa28000000,0x000000fa28100000] [id=10340]
  0x0000029b35085800 GCTaskThread "GC Thread#0" [stack: 0x000000fa27100000,0x000000fa27200000] [id=7808]
  0x0000029b4fa63800 GCTaskThread "GC Thread#1" [stack: 0x000000fa28200000,0x000000fa28300000] [id=3152]
  0x0000029b4fe7c800 GCTaskThread "GC Thread#2" [stack: 0x000000fa28300000,0x000000fa28400000] [id=9512]
  0x0000029b50b9e800 GCTaskThread "GC Thread#3" [stack: 0x000000fa28a00000,0x000000fa28b00000] [id=11508]
  0x0000029b350b7000 ConcurrentGCThread "G1 Main Marker" [stack: 0x000000fa27200000,0x000000fa27300000] [id=9572]
  0x0000029b350b9800 ConcurrentGCThread "G1 Conc#0" [stack: 0x000000fa27300000,0x000000fa27400000] [id=10620]
  0x0000029b35145800 ConcurrentGCThread "G1 Refine#0" [stack: 0x000000fa27400000,0x000000fa27500000] [id=10068]
  0x0000029b50292800 ConcurrentGCThread "G1 Refine#1" [stack: 0x000000fa2aa00000,0x000000fa2ab00000] [id=11552]
  0x0000029b55cb9800 ConcurrentGCThread "G1 Refine#2" [stack: 0x000000fa2ab00000,0x000000fa2ac00000] [id=7628]
  0x0000029b35147000 ConcurrentGCThread "G1 Young RemSet Sampling" [stack: 0x000000fa27500000,0x000000fa27600000] [id=11580]

Threads with active compile tasks:
C2 CompilerThread0  43227 19993 %     4       com.android.tools.r8.ir.regalloc.a::a @ 2204 (3985 bytes)
C2 CompilerThread1  43227 20600       4       com.android.tools.r8.internal.U6::a (6044 bytes)

VM state:not at safepoint (normal execution)

VM Mutex/Monitor currently owned by a thread: None

Heap address: 0x0000000080000000, size: 2048 MB, Compressed Oops mode: 32-bit
Narrow klass base: 0x0000000000000000, Narrow klass shift: 3
Compressed class space size: 1073741824 Address: 0x0000000100000000

Heap:
 garbage-first heap   total 319488K, used 232834K [0x0000000080000000, 0x0000000100000000)
  region size 1024K, 120 young (122880K), 5 survivors (5120K)
 Metaspace       used 115637K, capacity 118616K, committed 118732K, reserved 1153024K
  class space    used 14398K, capacity 15465K, committed 15564K, reserved 1048576K
Heap Regions: E=young(eden), S=young(survivor), O=old, HS=humongous(starts), HC=humongous(continues), CS=collection set, F=free, A=archive, TAMS=top-at-mark-start (previous, next)
|   0|0x0000000080000000, 0x0000000080100000, 0x0000000080100000|100%| O|  |TAMS 0x0000000080100000, 0x0000000080000000| Untracked 
|   1|0x0000000080100000, 0x0000000080200000, 0x0000000080200000|100%| O|  |TAMS 0x0000000080200000, 0x0000000080100000| Untracked 
|   2|0x0000000080200000, 0x0000000080300000, 0x0000000080300000|100%| O|  |TAMS 0x0000000080300000, 0x0000000080200000| Untracked 
|   3|0x0000000080300000, 0x0000000080400000, 0x0000000080400000|100%|HS|  |TAMS 0x0000000080400000, 0x0000000080300000| Complete 
|   4|0x0000000080400000, 0x0000000080500000, 0x0000000080500000|100%|HC|  |TAMS 0x0000000080500000, 0x0000000080400000| Complete 
|   5|0x0000000080500000, 0x0000000080600000, 0x0000000080600000|100%|HC|  |TAMS 0x0000000080600000, 0x0000000080500000| Complete 
|   6|0x0000000080600000, 0x0000000080700000, 0x0000000080700000|100%| O|  |TAMS 0x0000000080700000, 0x0000000080600000| Untracked 
|   7|0x0000000080700000, 0x0000000080800000, 0x0000000080800000|100%| O|  |TAMS 0x0000000080800000, 0x0000000080700000| Untracked 
|   8|0x0000000080800000, 0x0000000080900000, 0x0000000080900000|100%| O|  |TAMS 0x0000000080900000, 0x0000000080800000| Untracked 
|   9|0x0000000080900000, 0x0000000080a00000, 0x0000000080a00000|100%| O|  |TAMS 0x0000000080a00000, 0x0000000080900000| Untracked 
|  10|0x0000000080a00000, 0x0000000080b00000, 0x0000000080b00000|100%| O|  |TAMS 0x0000000080b00000, 0x0000000080a00000| Untracked 
|  11|0x0000000080b00000, 0x0000000080c00000, 0x0000000080c00000|100%| O|  |TAMS 0x0000000080c00000, 0x0000000080b00000| Untracked 
|  12|0x0000000080c00000, 0x0000000080d00000, 0x0000000080d00000|100%| O|  |TAMS 0x0000000080d00000, 0x0000000080c00000| Untracked 
|  13|0x0000000080d00000, 0x0000000080e00000, 0x0000000080e00000|100%| O|  |TAMS 0x0000000080e00000, 0x0000000080d00000| Untracked 
|  14|0x0000000080e00000, 0x0000000080f00000, 0x0000000080f00000|100%| O|  |TAMS 0x0000000080f00000, 0x0000000080e00000| Untracked 
|  15|0x0000000080f00000, 0x0000000081000000, 0x0000000081000000|100%|HS|  |TAMS 0x0000000081000000, 0x0000000080f00000| Complete 
|  16|0x0000000081000000, 0x0000000081100000, 0x0000000081100000|100%| O|  |TAMS 0x0000000081100000, 0x0000000081000000| Untracked 
|  17|0x0000000081100000, 0x0000000081200000, 0x0000000081200000|100%| O|  |TAMS 0x0000000081200000, 0x0000000081100000| Untracked 
|  18|0x0000000081200000, 0x0000000081300000, 0x0000000081300000|100%| O|  |TAMS 0x0000000081300000, 0x0000000081200000| Untracked 
|  19|0x0000000081300000, 0x0000000081400000, 0x0000000081400000|100%| O|  |TAMS 0x0000000081400000, 0x0000000081300000| Untracked 
|  20|0x0000000081400000, 0x0000000081500000, 0x0000000081500000|100%| O|  |TAMS 0x0000000081500000, 0x0000000081400000| Untracked 
|  21|0x0000000081500000, 0x0000000081600000, 0x0000000081600000|100%| O|  |TAMS 0x0000000081600000, 0x0000000081500000| Untracked 
|  22|0x0000000081600000, 0x0000000081700000, 0x0000000081700000|100%|HS|  |TAMS 0x0000000081700000, 0x0000000081600000| Complete 
|  23|0x0000000081700000, 0x0000000081800000, 0x0000000081800000|100%|HS|  |TAMS 0x0000000081800000, 0x0000000081700000| Complete 
|  24|0x0000000081800000, 0x0000000081900000, 0x0000000081900000|100%|HC|  |TAMS 0x0000000081900000, 0x0000000081800000| Complete 
|  25|0x0000000081900000, 0x0000000081a00000, 0x0000000081a00000|100%| O|  |TAMS 0x0000000081a00000, 0x0000000081900000| Untracked 
|  26|0x0000000081a00000, 0x0000000081b00000, 0x0000000081b00000|100%| O|  |TAMS 0x0000000081b00000, 0x0000000081a00000| Untracked 
|  27|0x0000000081b00000, 0x0000000081c00000, 0x0000000081c00000|100%| O|  |TAMS 0x0000000081c00000, 0x0000000081b00000| Untracked 
|  28|0x0000000081c00000, 0x0000000081d00000, 0x0000000081d00000|100%| O|  |TAMS 0x0000000081d00000, 0x0000000081c00000| Untracked 
|  29|0x0000000081d00000, 0x0000000081e00000, 0x0000000081e00000|100%| O|  |TAMS 0x0000000081e00000, 0x0000000081d00000| Untracked 
|  30|0x0000000081e00000, 0x0000000081f00000, 0x0000000081f00000|100%| O|  |TAMS 0x0000000081f00000, 0x0000000081e00000| Untracked 
|  31|0x0000000081f00000, 0x0000000082000000, 0x0000000082000000|100%| O|  |TAMS 0x0000000082000000, 0x0000000081f00000| Untracked 
|  32|0x0000000082000000, 0x0000000082100000, 0x0000000082100000|100%| O|  |TAMS 0x0000000082100000, 0x0000000082000000| Untracked 
|  33|0x0000000082100000, 0x0000000082200000, 0x0000000082200000|100%| O|  |TAMS 0x0000000082200000, 0x0000000082100000| Untracked 
|  34|0x0000000082200000, 0x0000000082300000, 0x0000000082300000|100%| O|  |TAMS 0x0000000082300000, 0x0000000082200000| Untracked 
|  35|0x0000000082300000, 0x0000000082400000, 0x0000000082400000|100%| O|  |TAMS 0x0000000082400000, 0x0000000082300000| Untracked 
|  36|0x0000000082400000, 0x0000000082500000, 0x0000000082500000|100%| O|  |TAMS 0x0000000082500000, 0x0000000082400000| Untracked 
|  37|0x0000000082500000, 0x0000000082600000, 0x0000000082600000|100%| O|  |TAMS 0x0000000082600000, 0x0000000082500000| Untracked 
|  38|0x0000000082600000, 0x0000000082700000, 0x0000000082700000|100%| O|  |TAMS 0x0000000082700000, 0x0000000082600000| Untracked 
|  39|0x0000000082700000, 0x0000000082800000, 0x0000000082800000|100%| O|  |TAMS 0x0000000082800000, 0x0000000082700000| Untracked 
|  40|0x0000000082800000, 0x0000000082900000, 0x0000000082900000|100%| O|  |TAMS 0x0000000082900000, 0x0000000082800000| Untracked 
|  41|0x0000000082900000, 0x0000000082a00000, 0x0000000082a00000|100%| O|  |TAMS 0x0000000082a00000, 0x0000000082900000| Untracked 
|  42|0x0000000082a00000, 0x0000000082b00000, 0x0000000082b00000|100%| O|  |TAMS 0x0000000082b00000, 0x0000000082a00000| Untracked 
|  43|0x0000000082b00000, 0x0000000082c00000, 0x0000000082c00000|100%| O|  |TAMS 0x0000000082c00000, 0x0000000082b00000| Untracked 
|  44|0x0000000082c00000, 0x0000000082d00000, 0x0000000082d00000|100%| O|  |TAMS 0x0000000082d00000, 0x0000000082c00000| Untracked 
|  45|0x0000000082d00000, 0x0000000082e00000, 0x0000000082e00000|100%| O|  |TAMS 0x0000000082e00000, 0x0000000082d00000| Untracked 
|  46|0x0000000082e00000, 0x0000000082f00000, 0x0000000082f00000|100%| O|  |TAMS 0x0000000082f00000, 0x0000000082e00000| Untracked 
|  47|0x0000000082f00000, 0x0000000083000000, 0x0000000083000000|100%| O|  |TAMS 0x0000000083000000, 0x0000000082f00000| Untracked 
|  48|0x0000000083000000, 0x0000000083100000, 0x0000000083100000|100%| O|  |TAMS 0x0000000083100000, 0x0000000083000000| Untracked 
|  49|0x0000000083100000, 0x0000000083200000, 0x0000000083200000|100%| O|  |TAMS 0x0000000083200000, 0x0000000083100000| Untracked 
|  50|0x0000000083200000, 0x0000000083300000, 0x0000000083300000|100%| O|  |TAMS 0x0000000083300000, 0x0000000083200000| Untracked 
|  51|0x0000000083300000, 0x0000000083400000, 0x0000000083400000|100%| O|  |TAMS 0x0000000083400000, 0x0000000083300000| Untracked 
|  52|0x0000000083400000, 0x0000000083500000, 0x0000000083500000|100%| O|  |TAMS 0x0000000083500000, 0x0000000083400000| Untracked 
|  53|0x0000000083500000, 0x0000000083600000, 0x0000000083600000|100%| O|  |TAMS 0x0000000083600000, 0x0000000083500000| Untracked 
|  54|0x0000000083600000, 0x0000000083700000, 0x0000000083700000|100%| O|  |TAMS 0x0000000083700000, 0x0000000083600000| Untracked 
|  55|0x0000000083700000, 0x0000000083800000, 0x0000000083800000|100%| O|  |TAMS 0x0000000083800000, 0x0000000083700000| Untracked 
|  56|0x0000000083800000, 0x0000000083900000, 0x0000000083900000|100%| O|  |TAMS 0x0000000083900000, 0x0000000083800000| Untracked 
|  57|0x0000000083900000, 0x0000000083a00000, 0x0000000083a00000|100%| O|  |TAMS 0x0000000083a00000, 0x0000000083900000| Untracked 
|  58|0x0000000083a00000, 0x0000000083b00000, 0x0000000083b00000|100%| O|  |TAMS 0x0000000083b00000, 0x0000000083a00000| Untracked 
|  59|0x0000000083b00000, 0x0000000083c00000, 0x0000000083c00000|100%| O|  |TAMS 0x0000000083c00000, 0x0000000083b00000| Untracked 
|  60|0x0000000083c00000, 0x0000000083d00000, 0x0000000083d00000|100%| O|  |TAMS 0x0000000083d00000, 0x0000000083c00000| Untracked 
|  61|0x0000000083d00000, 0x0000000083ddae00, 0x0000000083e00000| 85%| O|  |TAMS 0x0000000083d00000, 0x0000000083d00000| Untracked 
|  62|0x0000000083e00000, 0x0000000083f00000, 0x0000000083f00000|100%| O|  |TAMS 0x0000000083e00000, 0x0000000083e00000| Untracked 
|  63|0x0000000083f00000, 0x0000000084000000, 0x0000000084000000|100%| O|  |TAMS 0x0000000083f00000, 0x0000000083f00000| Untracked 
|  64|0x0000000084000000, 0x0000000084100000, 0x0000000084100000|100%| O|  |TAMS 0x0000000084100000, 0x0000000084000000| Untracked 
|  65|0x0000000084100000, 0x0000000084200000, 0x0000000084200000|100%| O|  |TAMS 0x0000000084200000, 0x0000000084100000| Untracked 
|  66|0x0000000084200000, 0x0000000084300000, 0x0000000084300000|100%| O|  |TAMS 0x0000000084300000, 0x0000000084200000| Untracked 
|  67|0x0000000084300000, 0x0000000084400000, 0x0000000084400000|100%| O|  |TAMS 0x0000000084400000, 0x0000000084300000| Untracked 
|  68|0x0000000084400000, 0x0000000084500000, 0x0000000084500000|100%| O|  |TAMS 0x0000000084500000, 0x0000000084400000| Untracked 
|  69|0x0000000084500000, 0x0000000084600000, 0x0000000084600000|100%| O|  |TAMS 0x0000000084600000, 0x0000000084500000| Untracked 
|  70|0x0000000084600000, 0x0000000084700000, 0x0000000084700000|100%| O|  |TAMS 0x0000000084700000, 0x0000000084600000| Untracked 
|  71|0x0000000084700000, 0x0000000084800000, 0x0000000084800000|100%| O|  |TAMS 0x0000000084800000, 0x0000000084700000| Untracked 
|  72|0x0000000084800000, 0x0000000084900000, 0x0000000084900000|100%| O|  |TAMS 0x0000000084900000, 0x0000000084800000| Untracked 
|  73|0x0000000084900000, 0x0000000084a00000, 0x0000000084a00000|100%| O|  |TAMS 0x0000000084a00000, 0x0000000084900000| Untracked 
|  74|0x0000000084a00000, 0x0000000084b00000, 0x0000000084b00000|100%| O|  |TAMS 0x0000000084b00000, 0x0000000084a00000| Untracked 
|  75|0x0000000084b00000, 0x0000000084b00000, 0x0000000084c00000|  0%| F|  |TAMS 0x0000000084b00000, 0x0000000084b00000| Untracked 
|  76|0x0000000084c00000, 0x0000000084c00000, 0x0000000084d00000|  0%| F|  |TAMS 0x0000000084c00000, 0x0000000084c00000| Untracked 
|  77|0x0000000084d00000, 0x0000000084e00000, 0x0000000084e00000|100%| O|  |TAMS 0x0000000084e00000, 0x0000000084d00000| Untracked 
|  78|0x0000000084e00000, 0x0000000084f00000, 0x0000000084f00000|100%| O|  |TAMS 0x0000000084f00000, 0x0000000084e00000| Untracked 
|  79|0x0000000084f00000, 0x0000000085000000, 0x0000000085000000|100%| O|  |TAMS 0x0000000085000000, 0x0000000084f00000| Untracked 
|  80|0x0000000085000000, 0x0000000085100000, 0x0000000085100000|100%| O|  |TAMS 0x0000000085100000, 0x0000000085000000| Untracked 
|  81|0x0000000085100000, 0x0000000085200000, 0x0000000085200000|100%| O|  |TAMS 0x0000000085200000, 0x0000000085100000| Untracked 
|  82|0x0000000085200000, 0x0000000085300000, 0x0000000085300000|100%| O|  |TAMS 0x0000000085300000, 0x0000000085200000| Untracked 
|  83|0x0000000085300000, 0x0000000085400000, 0x0000000085400000|100%| O|  |TAMS 0x0000000085400000, 0x0000000085300000| Untracked 
|  84|0x0000000085400000, 0x0000000085400000, 0x0000000085500000|  0%| F|  |TAMS 0x0000000085400000, 0x0000000085400000| Untracked 
|  85|0x0000000085500000, 0x0000000085600000, 0x0000000085600000|100%| O|  |TAMS 0x0000000085600000, 0x0000000085500000| Untracked 
|  86|0x0000000085600000, 0x0000000085600000, 0x0000000085700000|  0%| F|  |TAMS 0x0000000085600000, 0x0000000085600000| Untracked 
|  87|0x0000000085700000, 0x0000000085800000, 0x0000000085800000|100%| O|  |TAMS 0x0000000085800000, 0x0000000085700000| Untracked 
|  88|0x0000000085800000, 0x0000000085900000, 0x0000000085900000|100%| O|  |TAMS 0x0000000085900000, 0x0000000085800000| Untracked 
|  89|0x0000000085900000, 0x0000000085a00000, 0x0000000085a00000|100%| O|  |TAMS 0x0000000085a00000, 0x0000000085900000| Untracked 
|  90|0x0000000085a00000, 0x0000000085b00000, 0x0000000085b00000|100%| O|  |TAMS 0x0000000085b00000, 0x0000000085a00000| Untracked 
|  91|0x0000000085b00000, 0x0000000085b00000, 0x0000000085c00000|  0%| F|  |TAMS 0x0000000085b00000, 0x0000000085b00000| Untracked 
|  92|0x0000000085c00000, 0x0000000085d00000, 0x0000000085d00000|100%| O|  |TAMS 0x0000000085d00000, 0x0000000085c00000| Untracked 
|  93|0x0000000085d00000, 0x0000000085e00000, 0x0000000085e00000|100%| O|  |TAMS 0x0000000085e00000, 0x0000000085d00000| Untracked 
|  94|0x0000000085e00000, 0x0000000085f00000, 0x0000000085f00000|100%| O|  |TAMS 0x0000000085eda200, 0x0000000085e00000| Untracked 
|  95|0x0000000085f00000, 0x0000000086000000, 0x0000000086000000|100%| O|  |TAMS 0x0000000086000000, 0x0000000085f00000| Untracked 
|  96|0x0000000086000000, 0x0000000086100000, 0x0000000086100000|100%| O|  |TAMS 0x0000000086100000, 0x0000000086000000| Untracked 
|  97|0x0000000086100000, 0x0000000086200000, 0x0000000086200000|100%| O|  |TAMS 0x0000000086200000, 0x0000000086100000| Untracked 
|  98|0x0000000086200000, 0x0000000086200000, 0x0000000086300000|  0%| F|  |TAMS 0x0000000086200000, 0x0000000086200000| Untracked 
|  99|0x0000000086300000, 0x0000000086300000, 0x0000000086400000|  0%| F|  |TAMS 0x0000000086300000, 0x0000000086300000| Untracked 
| 100|0x0000000086400000, 0x0000000086500000, 0x0000000086500000|100%| O|  |TAMS 0x0000000086500000, 0x0000000086400000| Untracked 
| 101|0x0000000086500000, 0x0000000086600000, 0x0000000086600000|100%| O|  |TAMS 0x0000000086600000, 0x0000000086500000| Untracked 
| 102|0x0000000086600000, 0x0000000086700000, 0x0000000086700000|100%| O|  |TAMS 0x0000000086700000, 0x0000000086600000| Untracked 
| 103|0x0000000086700000, 0x0000000086800000, 0x0000000086800000|100%| O|  |TAMS 0x0000000086800000, 0x0000000086700000| Untracked 
| 104|0x0000000086800000, 0x0000000086900000, 0x0000000086900000|100%| O|  |TAMS 0x0000000086900000, 0x0000000086800000| Untracked 
| 105|0x0000000086900000, 0x0000000086a00000, 0x0000000086a00000|100%| O|  |TAMS 0x0000000086a00000, 0x0000000086900000| Untracked 
| 106|0x0000000086a00000, 0x0000000086a00000, 0x0000000086b00000|  0%| F|  |TAMS 0x0000000086a00000, 0x0000000086a00000| Untracked 
| 107|0x0000000086b00000, 0x0000000086c00000, 0x0000000086c00000|100%| O|  |TAMS 0x0000000086c00000, 0x0000000086b00000| Untracked 
| 108|0x0000000086c00000, 0x0000000086c00000, 0x0000000086d00000|  0%| F|  |TAMS 0x0000000086c00000, 0x0000000086c00000| Untracked 
| 109|0x0000000086d00000, 0x0000000086d00000, 0x0000000086e00000|  0%| F|  |TAMS 0x0000000086d00000, 0x0000000086d00000| Untracked 
| 110|0x0000000086e00000, 0x0000000086e00000, 0x0000000086f00000|  0%| F|  |TAMS 0x0000000086e00000, 0x0000000086e00000| Untracked 
| 111|0x0000000086f00000, 0x0000000087000000, 0x0000000087000000|100%| O|  |TAMS 0x0000000087000000, 0x0000000086f00000| Untracked 
| 112|0x0000000087000000, 0x0000000087100000, 0x0000000087100000|100%| O|  |TAMS 0x0000000087100000, 0x0000000087000000| Untracked 
| 113|0x0000000087100000, 0x0000000087200000, 0x0000000087200000|100%| O|  |TAMS 0x0000000087200000, 0x0000000087100000| Untracked 
| 114|0x0000000087200000, 0x0000000087300000, 0x0000000087300000|100%| O|  |TAMS 0x0000000087300000, 0x0000000087200000| Untracked 
| 115|0x0000000087300000, 0x0000000087400000, 0x0000000087400000|100%| O|  |TAMS 0x0000000087400000, 0x0000000087300000| Untracked 
| 116|0x0000000087400000, 0x0000000087500000, 0x0000000087500000|100%| O|  |TAMS 0x0000000087500000, 0x0000000087400000| Untracked 
| 117|0x0000000087500000, 0x0000000087600000, 0x0000000087600000|100%| O|  |TAMS 0x0000000087600000, 0x0000000087500000| Untracked 
| 118|0x0000000087600000, 0x0000000087700000, 0x0000000087700000|100%| O|  |TAMS 0x0000000087700000, 0x0000000087600000| Untracked 
| 119|0x0000000087700000, 0x0000000087800000, 0x0000000087800000|100%| O|  |TAMS 0x0000000087800000, 0x0000000087700000| Untracked 
| 120|0x0000000087800000, 0x0000000087800000, 0x0000000087900000|  0%| F|  |TAMS 0x0000000087800000, 0x0000000087800000| Untracked 
| 121|0x0000000087900000, 0x0000000087900000, 0x0000000087a00000|  0%| F|  |TAMS 0x0000000087900000, 0x0000000087900000| Untracked 
| 122|0x0000000087a00000, 0x0000000087a00000, 0x0000000087b00000|  0%| F|  |TAMS 0x0000000087a00000, 0x0000000087a00000| Untracked 
| 123|0x0000000087b00000, 0x0000000087b00000, 0x0000000087c00000|  0%| F|  |TAMS 0x0000000087b00000, 0x0000000087b00000| Untracked 
| 124|0x0000000087c00000, 0x0000000087c00000, 0x0000000087d00000|  0%| F|  |TAMS 0x0000000087c00000, 0x0000000087c00000| Untracked 
| 125|0x0000000087d00000, 0x0000000087d00000, 0x0000000087e00000|  0%| F|  |TAMS 0x0000000087d00000, 0x0000000087d00000| Untracked 
| 126|0x0000000087e00000, 0x0000000087e00000, 0x0000000087f00000|  0%| F|  |TAMS 0x0000000087e00000, 0x0000000087e00000| Untracked 
| 127|0x0000000087f00000, 0x0000000087f00000, 0x0000000088000000|  0%| F|  |TAMS 0x0000000087f00000, 0x0000000087f00000| Untracked 
| 128|0x0000000088000000, 0x0000000088000000, 0x0000000088100000|  0%| F|  |TAMS 0x0000000088000000, 0x0000000088000000| Untracked 
| 129|0x0000000088100000, 0x0000000088100000, 0x0000000088200000|  0%| F|  |TAMS 0x0000000088100000, 0x0000000088100000| Untracked 
| 130|0x0000000088200000, 0x0000000088200000, 0x0000000088300000|  0%| F|  |TAMS 0x0000000088200000, 0x0000000088200000| Untracked 
| 131|0x0000000088300000, 0x0000000088300000, 0x0000000088400000|  0%| F|  |TAMS 0x0000000088300000, 0x0000000088300000| Untracked 
| 132|0x0000000088400000, 0x0000000088400000, 0x0000000088500000|  0%| F|  |TAMS 0x0000000088400000, 0x0000000088400000| Untracked 
| 133|0x0000000088500000, 0x0000000088500000, 0x0000000088600000|  0%| F|  |TAMS 0x0000000088500000, 0x0000000088500000| Untracked 
| 134|0x0000000088600000, 0x0000000088600000, 0x0000000088700000|  0%| F|  |TAMS 0x0000000088600000, 0x0000000088600000| Untracked 
| 135|0x0000000088700000, 0x0000000088700000, 0x0000000088800000|  0%| F|  |TAMS 0x0000000088700000, 0x0000000088700000| Untracked 
| 136|0x0000000088800000, 0x0000000088800000, 0x0000000088900000|  0%| F|  |TAMS 0x0000000088800000, 0x0000000088800000| Untracked 
| 137|0x0000000088900000, 0x0000000088900000, 0x0000000088a00000|  0%| F|  |TAMS 0x0000000088900000, 0x0000000088900000| Untracked 
| 138|0x0000000088a00000, 0x0000000088a00000, 0x0000000088b00000|  0%| F|  |TAMS 0x0000000088a00000, 0x0000000088a00000| Untracked 
| 139|0x0000000088b00000, 0x0000000088b00000, 0x0000000088c00000|  0%| F|  |TAMS 0x0000000088b00000, 0x0000000088b00000| Untracked 
| 140|0x0000000088c00000, 0x0000000088c00000, 0x0000000088d00000|  0%| F|  |TAMS 0x0000000088c00000, 0x0000000088c00000| Untracked 
| 141|0x0000000088d00000, 0x0000000088d85ba0, 0x0000000088e00000| 52%| S|CS|TAMS 0x0000000088d00000, 0x0000000088d00000| Complete 
| 142|0x0000000088e00000, 0x0000000088f00000, 0x0000000088f00000|100%| S|CS|TAMS 0x0000000088e00000, 0x0000000088e00000| Complete 
| 143|0x0000000088f00000, 0x0000000088f00000, 0x0000000089000000|  0%| F|  |TAMS 0x0000000088f00000, 0x0000000088f00000| Untracked 
| 144|0x0000000089000000, 0x0000000089100000, 0x0000000089100000|100%| S|CS|TAMS 0x0000000089000000, 0x0000000089000000| Complete 
| 145|0x0000000089100000, 0x0000000089200000, 0x0000000089200000|100%| S|CS|TAMS 0x0000000089100000, 0x0000000089100000| Complete 
| 146|0x0000000089200000, 0x0000000089300000, 0x0000000089300000|100%| S|CS|TAMS 0x0000000089200000, 0x0000000089200000| Complete 
| 147|0x0000000089300000, 0x0000000089300000, 0x0000000089400000|  0%| F|  |TAMS 0x0000000089300000, 0x0000000089300000| Untracked 
| 148|0x0000000089400000, 0x0000000089400000, 0x0000000089500000|  0%| F|  |TAMS 0x0000000089400000, 0x0000000089400000| Untracked 
| 149|0x0000000089500000, 0x0000000089500000, 0x0000000089600000|  0%| F|  |TAMS 0x0000000089500000, 0x0000000089500000| Untracked 
| 150|0x0000000089600000, 0x0000000089600000, 0x0000000089700000|  0%| F|  |TAMS 0x0000000089600000, 0x0000000089600000| Untracked 
| 151|0x0000000089700000, 0x0000000089700000, 0x0000000089800000|  0%| F|  |TAMS 0x0000000089700000, 0x0000000089700000| Untracked 
| 152|0x0000000089800000, 0x0000000089800000, 0x0000000089900000|  0%| F|  |TAMS 0x0000000089800000, 0x0000000089800000| Untracked 
| 153|0x0000000089900000, 0x0000000089900000, 0x0000000089a00000|  0%| F|  |TAMS 0x0000000089900000, 0x0000000089900000| Untracked 
| 154|0x0000000089a00000, 0x0000000089a00000, 0x0000000089b00000|  0%| F|  |TAMS 0x0000000089a00000, 0x0000000089a00000| Untracked 
| 155|0x0000000089b00000, 0x0000000089b00000, 0x0000000089c00000|  0%| F|  |TAMS 0x0000000089b00000, 0x0000000089b00000| Untracked 
| 156|0x0000000089c00000, 0x0000000089c00000, 0x0000000089d00000|  0%| F|  |TAMS 0x0000000089c00000, 0x0000000089c00000| Untracked 
| 157|0x0000000089d00000, 0x0000000089d00000, 0x0000000089e00000|  0%| F|  |TAMS 0x0000000089d00000, 0x0000000089d00000| Untracked 
| 158|0x0000000089e00000, 0x0000000089e00000, 0x0000000089f00000|  0%| F|  |TAMS 0x0000000089e00000, 0x0000000089e00000| Untracked 
| 159|0x0000000089f00000, 0x0000000089f00000, 0x000000008a000000|  0%| F|  |TAMS 0x0000000089f00000, 0x0000000089f00000| Untracked 
| 160|0x000000008a000000, 0x000000008a000000, 0x000000008a100000|  0%| F|  |TAMS 0x000000008a000000, 0x000000008a000000| Untracked 
| 161|0x000000008a100000, 0x000000008a100000, 0x000000008a200000|  0%| F|  |TAMS 0x000000008a100000, 0x000000008a100000| Untracked 
| 162|0x000000008a200000, 0x000000008a200000, 0x000000008a300000|  0%| F|  |TAMS 0x000000008a200000, 0x000000008a200000| Untracked 
| 163|0x000000008a300000, 0x000000008a300000, 0x000000008a400000|  0%| F|  |TAMS 0x000000008a300000, 0x000000008a300000| Untracked 
| 164|0x000000008a400000, 0x000000008a400000, 0x000000008a500000|  0%| F|  |TAMS 0x000000008a400000, 0x000000008a400000| Untracked 
| 165|0x000000008a500000, 0x000000008a500000, 0x000000008a600000|  0%| F|  |TAMS 0x000000008a500000, 0x000000008a500000| Untracked 
| 166|0x000000008a600000, 0x000000008a600000, 0x000000008a700000|  0%| F|  |TAMS 0x000000008a600000, 0x000000008a600000| Untracked 
| 167|0x000000008a700000, 0x000000008a700000, 0x000000008a800000|  0%| F|  |TAMS 0x000000008a700000, 0x000000008a700000| Untracked 
| 168|0x000000008a800000, 0x000000008a800000, 0x000000008a900000|  0%| F|  |TAMS 0x000000008a800000, 0x000000008a800000| Untracked 
| 169|0x000000008a900000, 0x000000008a900000, 0x000000008aa00000|  0%| F|  |TAMS 0x000000008a900000, 0x000000008a900000| Untracked 
| 170|0x000000008aa00000, 0x000000008aa00000, 0x000000008ab00000|  0%| F|  |TAMS 0x000000008aa00000, 0x000000008aa00000| Untracked 
| 171|0x000000008ab00000, 0x000000008ab00000, 0x000000008ac00000|  0%| F|  |TAMS 0x000000008ab00000, 0x000000008ab00000| Untracked 
| 172|0x000000008ac00000, 0x000000008ac00000, 0x000000008ad00000|  0%| F|  |TAMS 0x000000008ac00000, 0x000000008ac00000| Untracked 
| 173|0x000000008ad00000, 0x000000008ad00000, 0x000000008ae00000|  0%| F|  |TAMS 0x000000008ad00000, 0x000000008ad00000| Untracked 
| 174|0x000000008ae00000, 0x000000008ae00000, 0x000000008af00000|  0%| F|  |TAMS 0x000000008ae00000, 0x000000008ae00000| Untracked 
| 175|0x000000008af00000, 0x000000008af00000, 0x000000008b000000|  0%| F|  |TAMS 0x000000008af00000, 0x000000008af00000| Untracked 
| 176|0x000000008b000000, 0x000000008b000000, 0x000000008b100000|  0%| F|  |TAMS 0x000000008b000000, 0x000000008b000000| Untracked 
| 177|0x000000008b100000, 0x000000008b100000, 0x000000008b200000|  0%| F|  |TAMS 0x000000008b100000, 0x000000008b100000| Untracked 
| 178|0x000000008b200000, 0x000000008b200000, 0x000000008b300000|  0%| F|  |TAMS 0x000000008b200000, 0x000000008b200000| Untracked 
| 179|0x000000008b300000, 0x000000008b300000, 0x000000008b400000|  0%| F|  |TAMS 0x000000008b300000, 0x000000008b300000| Untracked 
| 180|0x000000008b400000, 0x000000008b400000, 0x000000008b500000|  0%| F|  |TAMS 0x000000008b400000, 0x000000008b400000| Untracked 
| 181|0x000000008b500000, 0x000000008b500000, 0x000000008b600000|  0%| F|  |TAMS 0x000000008b500000, 0x000000008b500000| Untracked 
| 182|0x000000008b600000, 0x000000008b600000, 0x000000008b700000|  0%| F|  |TAMS 0x000000008b600000, 0x000000008b600000| Untracked 
| 183|0x000000008b700000, 0x000000008b700000, 0x000000008b800000|  0%| F|  |TAMS 0x000000008b700000, 0x000000008b700000| Untracked 
| 184|0x000000008b800000, 0x000000008b800000, 0x000000008b900000|  0%| F|  |TAMS 0x000000008b800000, 0x000000008b800000| Untracked 
| 185|0x000000008b900000, 0x000000008b900000, 0x000000008ba00000|  0%| F|  |TAMS 0x000000008b900000, 0x000000008b900000| Untracked 
| 186|0x000000008ba00000, 0x000000008ba00000, 0x000000008bb00000|  0%| F|  |TAMS 0x000000008ba00000, 0x000000008ba00000| Untracked 
| 187|0x000000008bb00000, 0x000000008bb00000, 0x000000008bc00000|  0%| F|  |TAMS 0x000000008bb00000, 0x000000008bb00000| Untracked 
| 188|0x000000008bc00000, 0x000000008bc00000, 0x000000008bd00000|  0%| F|  |TAMS 0x000000008bc00000, 0x000000008bc00000| Untracked 
| 189|0x000000008bd00000, 0x000000008bd00000, 0x000000008be00000|  0%| F|  |TAMS 0x000000008bd00000, 0x000000008bd00000| Untracked 
| 190|0x000000008be00000, 0x000000008be00000, 0x000000008bf00000|  0%| F|  |TAMS 0x000000008be00000, 0x000000008be00000| Untracked 
| 191|0x000000008bf00000, 0x000000008bf00000, 0x000000008c000000|  0%| F|  |TAMS 0x000000008bf00000, 0x000000008bf00000| Untracked 
| 192|0x000000008c000000, 0x000000008c000000, 0x000000008c100000|  0%| F|  |TAMS 0x000000008c000000, 0x000000008c000000| Untracked 
| 193|0x000000008c100000, 0x000000008c100000, 0x000000008c200000|  0%| F|  |TAMS 0x000000008c100000, 0x000000008c100000| Untracked 
| 194|0x000000008c200000, 0x000000008c200000, 0x000000008c300000|  0%| F|  |TAMS 0x000000008c200000, 0x000000008c200000| Untracked 
| 195|0x000000008c300000, 0x000000008c300000, 0x000000008c400000|  0%| F|  |TAMS 0x000000008c300000, 0x000000008c300000| Untracked 
| 196|0x000000008c400000, 0x000000008c400000, 0x000000008c500000|  0%| F|  |TAMS 0x000000008c400000, 0x000000008c400000| Untracked 
| 197|0x000000008c500000, 0x000000008c600000, 0x000000008c600000|100%| E|  |TAMS 0x000000008c500000, 0x000000008c500000| Complete 
| 198|0x000000008c600000, 0x000000008c700000, 0x000000008c700000|100%| E|CS|TAMS 0x000000008c600000, 0x000000008c600000| Complete 
| 199|0x000000008c700000, 0x000000008c800000, 0x000000008c800000|100%| E|CS|TAMS 0x000000008c700000, 0x000000008c700000| Complete 
| 200|0x000000008c800000, 0x000000008c900000, 0x000000008c900000|100%| E|CS|TAMS 0x000000008c800000, 0x000000008c800000| Complete 
| 201|0x000000008c900000, 0x000000008ca00000, 0x000000008ca00000|100%| E|CS|TAMS 0x000000008c900000, 0x000000008c900000| Complete 
| 202|0x000000008ca00000, 0x000000008cb00000, 0x000000008cb00000|100%| E|CS|TAMS 0x000000008ca00000, 0x000000008ca00000| Complete 
| 203|0x000000008cb00000, 0x000000008cc00000, 0x000000008cc00000|100%| E|CS|TAMS 0x000000008cb00000, 0x000000008cb00000| Complete 
| 204|0x000000008cc00000, 0x000000008cd00000, 0x000000008cd00000|100%| E|CS|TAMS 0x000000008cc00000, 0x000000008cc00000| Complete 
| 205|0x000000008cd00000, 0x000000008ce00000, 0x000000008ce00000|100%| E|CS|TAMS 0x000000008cd00000, 0x000000008cd00000| Complete 
| 206|0x000000008ce00000, 0x000000008cf00000, 0x000000008cf00000|100%| E|CS|TAMS 0x000000008ce00000, 0x000000008ce00000| Complete 
| 207|0x000000008cf00000, 0x000000008d000000, 0x000000008d000000|100%| E|CS|TAMS 0x000000008cf00000, 0x000000008cf00000| Complete 
| 208|0x000000008d000000, 0x000000008d100000, 0x000000008d100000|100%| E|CS|TAMS 0x000000008d000000, 0x000000008d000000| Complete 
| 209|0x000000008d100000, 0x000000008d200000, 0x000000008d200000|100%| E|CS|TAMS 0x000000008d100000, 0x000000008d100000| Complete 
| 210|0x000000008d200000, 0x000000008d300000, 0x000000008d300000|100%| E|CS|TAMS 0x000000008d200000, 0x000000008d200000| Complete 
| 211|0x000000008d300000, 0x000000008d400000, 0x000000008d400000|100%| E|CS|TAMS 0x000000008d300000, 0x000000008d300000| Complete 
| 212|0x000000008d400000, 0x000000008d500000, 0x000000008d500000|100%| E|CS|TAMS 0x000000008d400000, 0x000000008d400000| Complete 
| 213|0x000000008d500000, 0x000000008d600000, 0x000000008d600000|100%| E|CS|TAMS 0x000000008d500000, 0x000000008d500000| Complete 
| 214|0x000000008d600000, 0x000000008d700000, 0x000000008d700000|100%| E|CS|TAMS 0x000000008d600000, 0x000000008d600000| Complete 
| 215|0x000000008d700000, 0x000000008d800000, 0x000000008d800000|100%| E|CS|TAMS 0x000000008d700000, 0x000000008d700000| Complete 
| 216|0x000000008d800000, 0x000000008d900000, 0x000000008d900000|100%| E|CS|TAMS 0x000000008d800000, 0x000000008d800000| Complete 
| 217|0x000000008d900000, 0x000000008da00000, 0x000000008da00000|100%| E|CS|TAMS 0x000000008d900000, 0x000000008d900000| Complete 
| 218|0x000000008da00000, 0x000000008db00000, 0x000000008db00000|100%| E|CS|TAMS 0x000000008da00000, 0x000000008da00000| Complete 
| 219|0x000000008db00000, 0x000000008dc00000, 0x000000008dc00000|100%| E|CS|TAMS 0x000000008db00000, 0x000000008db00000| Complete 
| 220|0x000000008dc00000, 0x000000008dd00000, 0x000000008dd00000|100%| E|CS|TAMS 0x000000008dc00000, 0x000000008dc00000| Complete 
| 221|0x000000008dd00000, 0x000000008de00000, 0x000000008de00000|100%| E|CS|TAMS 0x000000008dd00000, 0x000000008dd00000| Complete 
| 222|0x000000008de00000, 0x000000008df00000, 0x000000008df00000|100%| E|CS|TAMS 0x000000008de00000, 0x000000008de00000| Complete 
| 223|0x000000008df00000, 0x000000008e000000, 0x000000008e000000|100%| E|CS|TAMS 0x000000008df00000, 0x000000008df00000| Complete 
| 224|0x000000008e000000, 0x000000008e100000, 0x000000008e100000|100%| E|CS|TAMS 0x000000008e000000, 0x000000008e000000| Complete 
| 225|0x000000008e100000, 0x000000008e200000, 0x000000008e200000|100%| E|CS|TAMS 0x000000008e100000, 0x000000008e100000| Complete 
| 226|0x000000008e200000, 0x000000008e300000, 0x000000008e300000|100%| E|CS|TAMS 0x000000008e200000, 0x000000008e200000| Complete 
| 227|0x000000008e300000, 0x000000008e400000, 0x000000008e400000|100%| E|CS|TAMS 0x000000008e300000, 0x000000008e300000| Complete 
| 228|0x000000008e400000, 0x000000008e500000, 0x000000008e500000|100%| E|CS|TAMS 0x000000008e400000, 0x000000008e400000| Complete 
| 229|0x000000008e500000, 0x000000008e600000, 0x000000008e600000|100%| E|CS|TAMS 0x000000008e500000, 0x000000008e500000| Complete 
| 230|0x000000008e600000, 0x000000008e700000, 0x000000008e700000|100%| E|CS|TAMS 0x000000008e600000, 0x000000008e600000| Complete 
| 231|0x000000008e700000, 0x000000008e800000, 0x000000008e800000|100%| E|CS|TAMS 0x000000008e700000, 0x000000008e700000| Complete 
| 232|0x000000008e800000, 0x000000008e900000, 0x000000008e900000|100%| E|CS|TAMS 0x000000008e800000, 0x000000008e800000| Complete 
| 233|0x000000008e900000, 0x000000008ea00000, 0x000000008ea00000|100%| E|CS|TAMS 0x000000008e900000, 0x000000008e900000| Complete 
| 234|0x000000008ea00000, 0x000000008eb00000, 0x000000008eb00000|100%| E|CS|TAMS 0x000000008ea00000, 0x000000008ea00000| Complete 
| 235|0x000000008eb00000, 0x000000008ec00000, 0x000000008ec00000|100%| E|CS|TAMS 0x000000008eb00000, 0x000000008eb00000| Complete 
| 236|0x000000008ec00000, 0x000000008ed00000, 0x000000008ed00000|100%| E|CS|TAMS 0x000000008ec00000, 0x000000008ec00000| Complete 
| 237|0x000000008ed00000, 0x000000008ee00000, 0x000000008ee00000|100%| E|CS|TAMS 0x000000008ed00000, 0x000000008ed00000| Complete 
| 238|0x000000008ee00000, 0x000000008ef00000, 0x000000008ef00000|100%| E|CS|TAMS 0x000000008ee00000, 0x000000008ee00000| Complete 
| 239|0x000000008ef00000, 0x000000008f000000, 0x000000008f000000|100%| E|CS|TAMS 0x000000008ef00000, 0x000000008ef00000| Complete 
| 240|0x000000008f000000, 0x000000008f100000, 0x000000008f100000|100%| E|CS|TAMS 0x000000008f000000, 0x000000008f000000| Complete 
| 241|0x000000008f100000, 0x000000008f200000, 0x000000008f200000|100%| E|CS|TAMS 0x000000008f100000, 0x000000008f100000| Complete 
| 242|0x000000008f200000, 0x000000008f300000, 0x000000008f300000|100%| E|CS|TAMS 0x000000008f200000, 0x000000008f200000| Complete 
| 243|0x000000008f300000, 0x000000008f400000, 0x000000008f400000|100%| E|CS|TAMS 0x000000008f300000, 0x000000008f300000| Complete 
| 244|0x000000008f400000, 0x000000008f500000, 0x000000008f500000|100%| E|CS|TAMS 0x000000008f400000, 0x000000008f400000| Complete 
| 245|0x000000008f500000, 0x000000008f600000, 0x000000008f600000|100%| E|CS|TAMS 0x000000008f500000, 0x000000008f500000| Complete 
| 246|0x000000008f600000, 0x000000008f700000, 0x000000008f700000|100%| E|CS|TAMS 0x000000008f600000, 0x000000008f600000| Complete 
| 247|0x000000008f700000, 0x000000008f800000, 0x000000008f800000|100%| E|CS|TAMS 0x000000008f700000, 0x000000008f700000| Complete 
| 248|0x000000008f800000, 0x000000008f900000, 0x000000008f900000|100%| E|CS|TAMS 0x000000008f800000, 0x000000008f800000| Complete 
| 249|0x000000008f900000, 0x000000008fa00000, 0x000000008fa00000|100%| E|CS|TAMS 0x000000008f900000, 0x000000008f900000| Complete 
| 250|0x000000008fa00000, 0x000000008fb00000, 0x000000008fb00000|100%| E|CS|TAMS 0x000000008fa00000, 0x000000008fa00000| Complete 
| 251|0x000000008fb00000, 0x000000008fc00000, 0x000000008fc00000|100%| E|CS|TAMS 0x000000008fb00000, 0x000000008fb00000| Complete 
| 252|0x000000008fc00000, 0x000000008fd00000, 0x000000008fd00000|100%| E|CS|TAMS 0x000000008fc00000, 0x000000008fc00000| Complete 
| 253|0x000000008fd00000, 0x000000008fe00000, 0x000000008fe00000|100%| E|CS|TAMS 0x000000008fd00000, 0x000000008fd00000| Complete 
| 254|0x000000008fe00000, 0x000000008ff00000, 0x000000008ff00000|100%| E|CS|TAMS 0x000000008fe00000, 0x000000008fe00000| Complete 
| 255|0x000000008ff00000, 0x0000000090000000, 0x0000000090000000|100%| E|CS|TAMS 0x000000008ff00000, 0x000000008ff00000| Complete 
| 256|0x0000000090000000, 0x0000000090100000, 0x0000000090100000|100%| E|CS|TAMS 0x0000000090000000, 0x0000000090000000| Complete 
| 257|0x0000000090100000, 0x0000000090200000, 0x0000000090200000|100%| E|CS|TAMS 0x0000000090100000, 0x0000000090100000| Complete 
| 258|0x0000000090200000, 0x0000000090300000, 0x0000000090300000|100%| E|CS|TAMS 0x0000000090200000, 0x0000000090200000| Complete 
| 259|0x0000000090300000, 0x0000000090400000, 0x0000000090400000|100%| E|CS|TAMS 0x0000000090300000, 0x0000000090300000| Complete 
| 260|0x0000000090400000, 0x0000000090500000, 0x0000000090500000|100%| E|CS|TAMS 0x0000000090400000, 0x0000000090400000| Complete 
| 261|0x0000000090500000, 0x0000000090600000, 0x0000000090600000|100%| E|CS|TAMS 0x0000000090500000, 0x0000000090500000| Complete 
| 262|0x0000000090600000, 0x0000000090700000, 0x0000000090700000|100%| E|CS|TAMS 0x0000000090600000, 0x0000000090600000| Complete 
| 263|0x0000000090700000, 0x0000000090800000, 0x0000000090800000|100%| E|CS|TAMS 0x0000000090700000, 0x0000000090700000| Complete 
| 264|0x0000000090800000, 0x0000000090900000, 0x0000000090900000|100%| E|CS|TAMS 0x0000000090800000, 0x0000000090800000| Complete 
| 265|0x0000000090900000, 0x0000000090a00000, 0x0000000090a00000|100%| E|CS|TAMS 0x0000000090900000, 0x0000000090900000| Complete 
| 266|0x0000000090a00000, 0x0000000090b00000, 0x0000000090b00000|100%| E|CS|TAMS 0x0000000090a00000, 0x0000000090a00000| Complete 
| 267|0x0000000090b00000, 0x0000000090c00000, 0x0000000090c00000|100%| E|CS|TAMS 0x0000000090b00000, 0x0000000090b00000| Complete 
| 268|0x0000000090c00000, 0x0000000090d00000, 0x0000000090d00000|100%| E|CS|TAMS 0x0000000090c00000, 0x0000000090c00000| Complete 
| 269|0x0000000090d00000, 0x0000000090e00000, 0x0000000090e00000|100%| E|CS|TAMS 0x0000000090d00000, 0x0000000090d00000| Complete 
| 270|0x0000000090e00000, 0x0000000090f00000, 0x0000000090f00000|100%| E|CS|TAMS 0x0000000090e00000, 0x0000000090e00000| Complete 
| 271|0x0000000090f00000, 0x0000000091000000, 0x0000000091000000|100%| E|CS|TAMS 0x0000000090f00000, 0x0000000090f00000| Complete 
| 272|0x0000000091000000, 0x0000000091100000, 0x0000000091100000|100%| E|CS|TAMS 0x0000000091000000, 0x0000000091000000| Complete 
| 273|0x0000000091100000, 0x0000000091200000, 0x0000000091200000|100%| E|CS|TAMS 0x0000000091100000, 0x0000000091100000| Complete 
| 274|0x0000000091200000, 0x0000000091300000, 0x0000000091300000|100%| E|CS|TAMS 0x0000000091200000, 0x0000000091200000| Complete 
| 275|0x0000000091300000, 0x0000000091400000, 0x0000000091400000|100%| E|CS|TAMS 0x0000000091300000, 0x0000000091300000| Complete 
| 276|0x0000000091400000, 0x0000000091500000, 0x0000000091500000|100%| E|CS|TAMS 0x0000000091400000, 0x0000000091400000| Complete 
| 277|0x0000000091500000, 0x0000000091600000, 0x0000000091600000|100%| E|CS|TAMS 0x0000000091500000, 0x0000000091500000| Complete 
| 278|0x0000000091600000, 0x0000000091700000, 0x0000000091700000|100%| E|CS|TAMS 0x0000000091600000, 0x0000000091600000| Complete 
| 279|0x0000000091700000, 0x0000000091800000, 0x0000000091800000|100%| E|CS|TAMS 0x0000000091700000, 0x0000000091700000| Complete 
| 280|0x0000000091800000, 0x0000000091900000, 0x0000000091900000|100%| E|CS|TAMS 0x0000000091800000, 0x0000000091800000| Complete 
| 281|0x0000000091900000, 0x0000000091a00000, 0x0000000091a00000|100%| E|CS|TAMS 0x0000000091900000, 0x0000000091900000| Complete 
| 282|0x0000000091a00000, 0x0000000091b00000, 0x0000000091b00000|100%| E|CS|TAMS 0x0000000091a00000, 0x0000000091a00000| Complete 
| 283|0x0000000091b00000, 0x0000000091c00000, 0x0000000091c00000|100%| E|CS|TAMS 0x0000000091b00000, 0x0000000091b00000| Complete 
| 284|0x0000000091c00000, 0x0000000091d00000, 0x0000000091d00000|100%| E|CS|TAMS 0x0000000091c00000, 0x0000000091c00000| Complete 
| 285|0x0000000091d00000, 0x0000000091e00000, 0x0000000091e00000|100%| E|CS|TAMS 0x0000000091d00000, 0x0000000091d00000| Complete 
| 286|0x0000000091e00000, 0x0000000091f00000, 0x0000000091f00000|100%| E|CS|TAMS 0x0000000091e00000, 0x0000000091e00000| Complete 
| 287|0x0000000091f00000, 0x0000000092000000, 0x0000000092000000|100%| E|CS|TAMS 0x0000000091f00000, 0x0000000091f00000| Complete 
| 288|0x0000000092000000, 0x0000000092100000, 0x0000000092100000|100%| E|CS|TAMS 0x0000000092000000, 0x0000000092000000| Complete 
| 289|0x0000000092100000, 0x0000000092200000, 0x0000000092200000|100%| E|CS|TAMS 0x0000000092100000, 0x0000000092100000| Complete 
| 290|0x0000000092200000, 0x0000000092300000, 0x0000000092300000|100%| E|CS|TAMS 0x0000000092200000, 0x0000000092200000| Complete 
| 291|0x0000000092300000, 0x0000000092400000, 0x0000000092400000|100%| E|CS|TAMS 0x0000000092300000, 0x0000000092300000| Complete 
| 292|0x0000000092400000, 0x0000000092500000, 0x0000000092500000|100%| E|CS|TAMS 0x0000000092400000, 0x0000000092400000| Complete 
| 293|0x0000000092500000, 0x0000000092600000, 0x0000000092600000|100%| E|CS|TAMS 0x0000000092500000, 0x0000000092500000| Complete 
| 294|0x0000000092600000, 0x0000000092700000, 0x0000000092700000|100%| E|CS|TAMS 0x0000000092600000, 0x0000000092600000| Complete 
| 295|0x0000000092700000, 0x0000000092800000, 0x0000000092800000|100%| E|CS|TAMS 0x0000000092700000, 0x0000000092700000| Complete 
| 296|0x0000000092800000, 0x0000000092900000, 0x0000000092900000|100%| E|CS|TAMS 0x0000000092800000, 0x0000000092800000| Complete 
| 297|0x0000000092900000, 0x0000000092a00000, 0x0000000092a00000|100%| E|CS|TAMS 0x0000000092900000, 0x0000000092900000| Complete 
| 298|0x0000000092a00000, 0x0000000092b00000, 0x0000000092b00000|100%| E|CS|TAMS 0x0000000092a00000, 0x0000000092a00000| Complete 
| 299|0x0000000092b00000, 0x0000000092c00000, 0x0000000092c00000|100%| E|CS|TAMS 0x0000000092b00000, 0x0000000092b00000| Complete 
| 300|0x0000000092c00000, 0x0000000092d00000, 0x0000000092d00000|100%| E|CS|TAMS 0x0000000092c00000, 0x0000000092c00000| Complete 
| 301|0x0000000092d00000, 0x0000000092e00000, 0x0000000092e00000|100%| E|CS|TAMS 0x0000000092d00000, 0x0000000092d00000| Complete 
| 302|0x0000000092e00000, 0x0000000092f00000, 0x0000000092f00000|100%| E|CS|TAMS 0x0000000092e00000, 0x0000000092e00000| Complete 
| 303|0x0000000092f00000, 0x0000000093000000, 0x0000000093000000|100%| E|CS|TAMS 0x0000000092f00000, 0x0000000092f00000| Complete 
| 304|0x0000000093000000, 0x0000000093100000, 0x0000000093100000|100%| E|CS|TAMS 0x0000000093000000, 0x0000000093000000| Complete 
| 305|0x0000000093100000, 0x0000000093200000, 0x0000000093200000|100%| E|CS|TAMS 0x0000000093100000, 0x0000000093100000| Complete 
| 306|0x0000000093200000, 0x0000000093300000, 0x0000000093300000|100%| E|CS|TAMS 0x0000000093200000, 0x0000000093200000| Complete 
| 307|0x0000000093300000, 0x0000000093400000, 0x0000000093400000|100%| E|CS|TAMS 0x0000000093300000, 0x0000000093300000| Complete 
| 308|0x0000000093400000, 0x0000000093500000, 0x0000000093500000|100%| E|CS|TAMS 0x0000000093400000, 0x0000000093400000| Complete 
| 309|0x0000000093500000, 0x0000000093600000, 0x0000000093600000|100%| E|CS|TAMS 0x0000000093500000, 0x0000000093500000| Complete 
| 310|0x0000000093600000, 0x0000000093700000, 0x0000000093700000|100%| E|CS|TAMS 0x0000000093600000, 0x0000000093600000| Complete 
| 311|0x0000000093700000, 0x0000000093800000, 0x0000000093800000|100%| E|CS|TAMS 0x0000000093700000, 0x0000000093700000| Complete 

Card table byte_map: [0x0000029b47f60000,0x0000029b48360000] _byte_map_base: 0x0000029b47b60000

Marking Bits (Prev, Next): (CMBitMap*) 0x0000029b350ae6e0, (CMBitMap*) 0x0000029b350ae6a8
 Prev Bits: [0x0000029b4a760000, 0x0000029b4c760000)
 Next Bits: [0x0000029b48760000, 0x0000029b4a760000)

Polling page: 0x0000029b33020000

Metaspace:

Usage:
  Non-class:    100.73 MB capacity,    98.87 MB ( 98%) used,     1.51 MB (  1%) free+waste,   370.88 KB ( <1%) overhead. 
      Class:     15.10 MB capacity,    14.06 MB ( 93%) used,   906.41 KB (  6%) free+waste,   159.81 KB (  1%) overhead. 
       Both:    115.84 MB capacity,   112.93 MB ( 97%) used,     2.39 MB (  2%) free+waste,   530.69 KB ( <1%) overhead. 

Virtual space:
  Non-class space:      102.00 MB reserved,     100.75 MB ( 99%) committed 
      Class space:        1.00 GB reserved,      15.20 MB (  1%) committed 
             Both:        1.10 GB reserved,     115.95 MB ( 10%) committed 

Chunk freelists:
   Non-Class:  17.00 KB
       Class:  87.00 KB
        Both:  104.00 KB

MaxMetaspaceSize: 17179869184.00 GB
CompressedClassSpaceSize: 1.00 GB

CodeHeap 'non-profiled nmethods': size=120064Kb used=11382Kb max_used=11382Kb free=108681Kb
 bounds [0x0000029b40620000, 0x0000029b41140000, 0x0000029b47b60000]
CodeHeap 'profiled nmethods': size=120000Kb used=45447Kb max_used=45447Kb free=74553Kb
 bounds [0x0000029b390f0000, 0x0000029b3bd60000, 0x0000029b40620000]
CodeHeap 'non-nmethods': size=5696Kb used=2398Kb max_used=2479Kb free=3297Kb
 bounds [0x0000029b38b60000, 0x0000029b38de0000, 0x0000029b390f0000]
 total_blobs=20461 nmethods=19407 adapters=963
 compilation: enabled
              stopped_count=0, restarted_count=0
 full_count=0

Compilation events (20 events):
Event: 41.931 Thread 0x0000029b4ec79000 20726       2       com.android.tools.r8.internal.Qr::e2 (16 bytes)
Event: 41.932 Thread 0x0000029b4ec79000 nmethod 20726 0x0000029b3bd44b90 code [0x0000029b3bd44d40, 0x0000029b3bd44e58]
Event: 41.937 Thread 0x0000029b4ec79000 20727       2       com.android.tools.r8.internal.Ah::i (58 bytes)
Event: 41.937 Thread 0x0000029b4ec79000 nmethod 20727 0x0000029b3bd44f10 code [0x0000029b3bd450e0, 0x0000029b3bd452e8]
Event: 41.944 Thread 0x0000029b4ec79000 20728       2       com.android.tools.r8.graph.E$b$a::hashCode (16 bytes)
Event: 41.944 Thread 0x0000029b4ec79000 nmethod 20728 0x0000029b3bd45410 code [0x0000029b3bd455c0, 0x0000029b3bd456e8]
Event: 41.952 Thread 0x0000029b4ec79000 20729       2       com.android.tools.r8.internal.Qr::<init> (12 bytes)
Event: 41.952 Thread 0x0000029b4ec79000 nmethod 20729 0x0000029b3bd45810 code [0x0000029b3bd459c0, 0x0000029b3bd45b48]
Event: 41.954 Thread 0x0000029b4ec79000 20730       2       com.android.tools.r8.internal.G3::a (160 bytes)
Event: 41.954 Thread 0x0000029b4ec79000 nmethod 20730 0x0000029b3bd45c10 code [0x0000029b3bd45e20, 0x0000029b3bd46228]
Event: 41.954 Thread 0x0000029b4ec79000 20731       2       com.android.tools.r8.internal.X4$$Lambda$1655/0x0000000100efa840::get$Lambda (9 bytes)
Event: 41.954 Thread 0x0000029b4ec79000 nmethod 20731 0x0000029b3bd46410 code [0x0000029b3bd465c0, 0x0000029b3bd46738]
Event: 41.954 Thread 0x0000029b4ec79000 20732       2       com.android.tools.r8.internal.X4$$Lambda$1655/0x0000000100efa840::<init> (10 bytes)
Event: 41.955 Thread 0x0000029b4ec79000 nmethod 20732 0x0000029b3bd46810 code [0x0000029b3bd469c0, 0x0000029b3bd46af8]
Event: 41.969 Thread 0x0000029b4ec79000 20736       3       com.android.tools.r8.internal.up::a (150 bytes)
Event: 41.970 Thread 0x0000029b4ec79000 nmethod 20736 0x0000029b3bd46b90 code [0x0000029b3bd46e80, 0x0000029b3bd48288]
Event: 41.973 Thread 0x0000029b4ec79000 20737 %     3       com.android.tools.r8.internal.XC::b @ 627 (682 bytes)
Event: 42.766 Thread 0x0000029b4ec79000 nmethod 20737% 0x0000029b3bd48610 code [0x0000029b3bd48ec0, 0x0000029b3bd4f148]
Event: 42.766 Thread 0x0000029b4ec79000 20738 %     3       com.android.tools.r8.internal.qp::a @ 21 (52 bytes)
Event: 42.766 Thread 0x0000029b4ec79000 nmethod 20738% 0x0000029b3bd50b90 code [0x0000029b3bd50e20, 0x0000029b3bd51a78]

GC Heap History (20 events):
Event: 34.127 GC heap before
{Heap before GC invocations=40 (full 0):
 garbage-first heap   total 225280K, used 181096K [0x0000000080000000, 0x0000000100000000)
  region size 1024K, 68 young (69632K), 1 survivors (1024K)
 Metaspace       used 115020K, capacity 118016K, committed 118476K, reserved 1153024K
  class space    used 14364K, capacity 15438K, committed 15564K, reserved 1048576K
}
Event: 34.145 GC heap after
{Heap after GC invocations=41 (full 0):
 garbage-first heap   total 225280K, used 112137K [0x0000000080000000, 0x0000000100000000)
  region size 1024K, 1 young (1024K), 1 survivors (1024K)
 Metaspace       used 115020K, capacity 118016K, committed 118476K, reserved 1153024K
  class space    used 14364K, capacity 15438K, committed 15564K, reserved 1048576K
}
Event: 35.288 GC heap before
{Heap before GC invocations=42 (full 0):
 garbage-first heap   total 225280K, used 183817K [0x0000000080000000, 0x0000000100000000)
  region size 1024K, 71 young (72704K), 1 survivors (1024K)
 Metaspace       used 115071K, capacity 118085K, committed 118476K, reserved 1153024K
  class space    used 14367K, capacity 15439K, committed 15564K, reserved 1048576K
}
Event: 35.300 GC heap after
{Heap after GC invocations=43 (full 0):
 garbage-first heap   total 225280K, used 112333K [0x0000000080000000, 0x0000000100000000)
  region size 1024K, 1 young (1024K), 1 survivors (1024K)
 Metaspace       used 115071K, capacity 118085K, committed 118476K, reserved 1153024K
  class space    used 14367K, capacity 15439K, committed 15564K, reserved 1048576K
}
Event: 35.373 GC heap before
{Heap before GC invocations=43 (full 0):
 garbage-first heap   total 225280K, used 122573K [0x0000000080000000, 0x0000000100000000)
  region size 1024K, 11 young (11264K), 1 survivors (1024K)
 Metaspace       used 115072K, capacity 118085K, committed 118476K, reserved 1153024K
  class space    used 14367K, capacity 15439K, committed 15564K, reserved 1048576K
}
Event: 35.388 GC heap after
{Heap after GC invocations=44 (full 0):
 garbage-first heap   total 225280K, used 111170K [0x0000000080000000, 0x0000000100000000)
  region size 1024K, 1 young (1024K), 1 survivors (1024K)
 Metaspace       used 115072K, capacity 118085K, committed 118476K, reserved 1153024K
  class space    used 14367K, capacity 15439K, committed 15564K, reserved 1048576K
}
Event: 36.207 GC heap before
{Heap before GC invocations=44 (full 0):
 garbage-first heap   total 225280K, used 184898K [0x0000000080000000, 0x0000000100000000)
  region size 1024K, 73 young (74752K), 1 survivors (1024K)
 Metaspace       used 115146K, capacity 118092K, committed 118476K, reserved 1153024K
  class space    used 14373K, capacity 15440K, committed 15564K, reserved 1048576K
}
Event: 36.214 GC heap after
{Heap after GC invocations=45 (full 0):
 garbage-first heap   total 225280K, used 111774K [0x0000000080000000, 0x0000000100000000)
  region size 1024K, 2 young (2048K), 2 survivors (2048K)
 Metaspace       used 115146K, capacity 118092K, committed 118476K, reserved 1153024K
  class space    used 14373K, capacity 15440K, committed 15564K, reserved 1048576K
}
Event: 36.711 GC heap before
{Heap before GC invocations=45 (full 0):
 garbage-first heap   total 225280K, used 186526K [0x0000000080000000, 0x0000000100000000)
  region size 1024K, 75 young (76800K), 2 survivors (2048K)
 Metaspace       used 115176K, capacity 118158K, committed 118476K, reserved 1153024K
  class space    used 14374K, capacity 15440K, committed 15564K, reserved 1048576K
}
Event: 36.719 GC heap after
{Heap after GC invocations=46 (full 0):
 garbage-first heap   total 225280K, used 112050K [0x0000000080000000, 0x0000000100000000)
  region size 1024K, 2 young (2048K), 2 survivors (2048K)
 Metaspace       used 115176K, capacity 118158K, committed 118476K, reserved 1153024K
  class space    used 14374K, capacity 15440K, committed 15564K, reserved 1048576K
}
Event: 37.025 GC heap before
{Heap before GC invocations=46 (full 0):
 garbage-first heap   total 225280K, used 187826K [0x0000000080000000, 0x0000000100000000)
  region size 1024K, 76 young (77824K), 2 survivors (2048K)
 Metaspace       used 115201K, capacity 118160K, committed 118476K, reserved 1153024K
  class space    used 14374K, capacity 15440K, committed 15564K, reserved 1048576K
}
Event: 37.033 GC heap after
{Heap after GC invocations=47 (full 0):
 garbage-first heap   total 225280K, used 113008K [0x0000000080000000, 0x0000000100000000)
  region size 1024K, 3 young (3072K), 3 survivors (3072K)
 Metaspace       used 115201K, capacity 118160K, committed 118476K, reserved 1153024K
  class space    used 14374K, capacity 15440K, committed 15564K, reserved 1048576K
}
Event: 37.422 GC heap before
{Heap before GC invocations=47 (full 0):
 garbage-first heap   total 225280K, used 188784K [0x0000000080000000, 0x0000000100000000)
  region size 1024K, 77 young (78848K), 3 survivors (3072K)
 Metaspace       used 115410K, capacity 118355K, committed 118732K, reserved 1153024K
  class space    used 14379K, capacity 15448K, committed 15564K, reserved 1048576K
}
Event: 37.430 GC heap after
{Heap after GC invocations=48 (full 0):
 garbage-first heap   total 225280K, used 114933K [0x0000000080000000, 0x0000000100000000)
  region size 1024K, 5 young (5120K), 5 survivors (5120K)
 Metaspace       used 115410K, capacity 118355K, committed 118732K, reserved 1153024K
  class space    used 14379K, capacity 15448K, committed 15564K, reserved 1048576K
}
Event: 37.656 GC heap before
{Heap before GC invocations=48 (full 0):
 garbage-first heap   total 225280K, used 189685K [0x0000000080000000, 0x0000000100000000)
  region size 1024K, 78 young (79872K), 5 survivors (5120K)
 Metaspace       used 115447K, capacity 118439K, committed 118732K, reserved 1153024K
  class space    used 14383K, capacity 15455K, committed 15564K, reserved 1048576K
}
Event: 37.664 GC heap after
{Heap after GC invocations=49 (full 0):
 garbage-first heap   total 225280K, used 115563K [0x0000000080000000, 0x0000000100000000)
  region size 1024K, 6 young (6144K), 6 survivors (6144K)
 Metaspace       used 115447K, capacity 118439K, committed 118732K, reserved 1153024K
  class space    used 14383K, capacity 15455K, committed 15564K, reserved 1048576K
}
Event: 38.150 GC heap before
{Heap before GC invocations=49 (full 0):
 garbage-first heap   total 225280K, used 191339K [0x0000000080000000, 0x0000000100000000)
  region size 1024K, 80 young (81920K), 6 survivors (6144K)
 Metaspace       used 115509K, capacity 118463K, committed 118732K, reserved 1153024K
  class space    used 14387K, capacity 15462K, committed 15564K, reserved 1048576K
}
Event: 38.211 GC heap after
{Heap after GC invocations=50 (full 0):
 garbage-first heap   total 225280K, used 117091K [0x0000000080000000, 0x0000000100000000)
  region size 1024K, 7 young (7168K), 7 survivors (7168K)
 Metaspace       used 115509K, capacity 118463K, committed 118732K, reserved 1153024K
  class space    used 14387K, capacity 15462K, committed 15564K, reserved 1048576K
}
Event: 40.537 GC heap before
{Heap before GC invocations=50 (full 0):
 garbage-first heap   total 225280K, used 191843K [0x0000000080000000, 0x0000000100000000)
  region size 1024K, 80 young (81920K), 7 survivors (7168K)
 Metaspace       used 115606K, capacity 118550K, committed 118732K, reserved 1153024K
  class space    used 14396K, capacity 15465K, committed 15564K, reserved 1048576K
}
Event: 40.645 GC heap after
{Heap after GC invocations=51 (full 0):
 garbage-first heap   total 319488K, used 116098K [0x0000000080000000, 0x0000000100000000)
  region size 1024K, 5 young (5120K), 5 survivors (5120K)
 Metaspace       used 115606K, capacity 118550K, committed 118732K, reserved 1153024K
  class space    used 14396K, capacity 15465K, committed 15564K, reserved 1048576K
}

Deoptimization events (20 events):
Event: 40.242 Thread 0x0000029b51a7d800 DEOPT PACKING pc=0x0000029b3b700a59 sp=0x000000fa2a2f9020
Event: 40.242 Thread 0x0000029b51a7d800 DEOPT UNPACKING pc=0x0000029b38b876ce sp=0x000000fa2a2f87b0 mode 0
Event: 40.308 Thread 0x0000029b51a7d000 DEOPT PACKING pc=0x0000029b3b41ca43 sp=0x000000fa2a0f92a0
Event: 40.308 Thread 0x0000029b51a7d000 DEOPT UNPACKING pc=0x0000029b38b876ce sp=0x000000fa2a0f8738 mode 0
Event: 40.386 Thread 0x0000029b51a7d800 DEOPT PACKING pc=0x0000029b3b702c66 sp=0x000000fa2a2f9020
Event: 40.386 Thread 0x0000029b51a7d800 DEOPT UNPACKING pc=0x0000029b38b876ce sp=0x000000fa2a2f87a8 mode 0
Event: 40.387 Thread 0x0000029b51a79800 DEOPT PACKING pc=0x0000029b3b5d368f sp=0x000000fa29ff99d0
Event: 40.387 Thread 0x0000029b51a79800 DEOPT UNPACKING pc=0x0000029b38b876ce sp=0x000000fa29ff9278 mode 0
Event: 40.439 Thread 0x0000029b51a79800 DEOPT PACKING pc=0x0000029b3b5d30f3 sp=0x000000fa29ff99d0
Event: 40.439 Thread 0x0000029b51a79800 DEOPT UNPACKING pc=0x0000029b38b876ce sp=0x000000fa29ff9270 mode 0
Event: 40.942 Thread 0x0000029b51a7d000 DEOPT PACKING pc=0x0000029b3b5d30f3 sp=0x000000fa2a0f95b0
Event: 40.942 Thread 0x0000029b51a7d000 DEOPT UNPACKING pc=0x0000029b38b876ce sp=0x000000fa2a0f8e50 mode 0
Event: 41.548 Thread 0x0000029b51a7d800 DEOPT PACKING pc=0x0000029b3b564fb8 sp=0x000000fa2a2f94e0
Event: 41.548 Thread 0x0000029b51a7d800 DEOPT UNPACKING pc=0x0000029b38b876ce sp=0x000000fa2a2f8a00 mode 0
Event: 41.710 Thread 0x0000029b51a7d000 DEOPT PACKING pc=0x0000029b3b5d368f sp=0x000000fa2a0f95b0
Event: 41.710 Thread 0x0000029b51a7d000 DEOPT UNPACKING pc=0x0000029b38b876ce sp=0x000000fa2a0f8e58 mode 0
Event: 41.839 Thread 0x0000029b51a7d800 DEOPT PACKING pc=0x0000029b3b5d30f3 sp=0x000000fa2a2f92e0
Event: 41.839 Thread 0x0000029b51a7d800 DEOPT UNPACKING pc=0x0000029b38b876ce sp=0x000000fa2a2f8b80 mode 0
Event: 41.980 Thread 0x0000029b51a7d000 DEOPT PACKING pc=0x0000029b3b5d30f3 sp=0x000000fa2a0f95b0
Event: 41.980 Thread 0x0000029b51a7d000 DEOPT UNPACKING pc=0x0000029b38b876ce sp=0x000000fa2a0f8e50 mode 0

Classes redefined (0 events):
No events

Internal exceptions (20 events):
Event: 31.762 Thread 0x0000029b51a79800 Exception <a 'sun/nio/fs/WindowsException'{0x000000008cae54c0}> (0x000000008cae54c0) thrown at [./src/hotspot/share/prims/jni.cpp, line 615]
Event: 32.236 Thread 0x0000029b51a79800 Exception <a 'sun/nio/fs/WindowsException'{0x000000008b1f4348}> (0x000000008b1f4348) thrown at [./src/hotspot/share/prims/jni.cpp, line 615]
Event: 32.473 Thread 0x0000029b51a7d800 Exception <a 'sun/nio/fs/WindowsException'{0x000000008a86bc28}> (0x000000008a86bc28) thrown at [./src/hotspot/share/prims/jni.cpp, line 615]
Event: 32.486 Thread 0x0000029b51a79800 Implicit null exception at 0x0000029b40fdf0a0 to 0x0000029b40fdf860
Event: 32.668 Thread 0x0000029b51a7d000 Implicit null exception at 0x0000029b407aa8bc to 0x0000029b407ab360
Event: 33.185 Thread 0x0000029b51a7d800 Exception <a 'sun/nio/fs/WindowsException'{0x000000008db43d10}> (0x000000008db43d10) thrown at [./src/hotspot/share/prims/jni.cpp, line 615]
Event: 33.199 Thread 0x0000029b51a79800 Exception <a 'sun/nio/fs/WindowsException'{0x000000008c1eabc8}> (0x000000008c1eabc8) thrown at [./src/hotspot/share/prims/jni.cpp, line 615]
Event: 33.219 Thread 0x0000029b51a7d800 Exception <a 'sun/nio/fs/WindowsException'{0x000000008be29420}> (0x000000008be29420) thrown at [./src/hotspot/share/prims/jni.cpp, line 615]
Event: 35.750 Thread 0x0000029b51a79800 Implicit null exception at 0x0000029b41067e08 to 0x0000029b410680e4
Event: 37.240 Thread 0x0000029b51a79800 Exception <a 'sun/nio/fs/WindowsException'{0x000000008b507e08}> (0x000000008b507e08) thrown at [./src/hotspot/share/prims/jni.cpp, line 615]
Event: 37.289 Thread 0x0000029b51a7c000 Exception <a 'sun/nio/fs/WindowsException'{0x000000008b148f18}> (0x000000008b148f18) thrown at [./src/hotspot/share/prims/jni.cpp, line 615]
Event: 37.327 Thread 0x0000029b51a79800 Exception <a 'sun/nio/fs/WindowsException'{0x000000008ab05030}> (0x000000008ab05030) thrown at [./src/hotspot/share/prims/jni.cpp, line 615]
Event: 37.335 Thread 0x0000029b51a7d800 Exception <a 'sun/nio/fs/WindowsException'{0x000000008aafcf98}> (0x000000008aafcf98) thrown at [./src/hotspot/share/prims/jni.cpp, line 615]
Event: 37.485 Thread 0x0000029b51a79800 Exception <a 'sun/nio/fs/WindowsException'{0x000000008c460840}> (0x000000008c460840) thrown at [./src/hotspot/share/prims/jni.cpp, line 615]
Event: 37.625 Thread 0x0000029b51a79800 Exception <a 'sun/nio/fs/WindowsException'{0x0000000089fd6288}> (0x0000000089fd6288) thrown at [./src/hotspot/share/prims/jni.cpp, line 615]
Event: 38.259 Thread 0x0000029b51a7c000 Exception <a 'sun/nio/fs/WindowsException'{0x000000008db09d28}> (0x000000008db09d28) thrown at [./src/hotspot/share/prims/jni.cpp, line 615]
Event: 38.271 Thread 0x0000029b51a79800 Exception <a 'java/lang/NoSuchMethodError'{0x000000008dbc8688}: 'int java.lang.invoke.DirectMethodHandle$Holder.invokeInterface(java.lang.Object, java.lang.Object, int)'> (0x000000008dbc8688) thrown at [./src/hotspot/share/interpreter/linkResolver.cpp, line 773]
Event: 39.172 Thread 0x0000029b51a7d800 Exception <a 'sun/nio/fs/WindowsException'{0x000000008ce50e60}> (0x000000008ce50e60) thrown at [./src/hotspot/share/prims/jni.cpp, line 615]
Event: 40.156 Thread 0x0000029b51a7d800 Exception <a 'sun/nio/fs/WindowsException'{0x000000008bd71130}> (0x000000008bd71130) thrown at [./src/hotspot/share/prims/jni.cpp, line 615]
Event: 40.916 Thread 0x0000029b51a79800 Exception <a 'sun/nio/fs/WindowsException'{0x0000000092976a38}> (0x0000000092976a38) thrown at [./src/hotspot/share/prims/jni.cpp, line 615]

Events (20 events):
Event: 39.175 loading class com/android/tools/r8/utils/StringDiagnostic
Event: 39.175 loading class com/android/tools/r8/utils/StringDiagnostic done
Event: 39.932 loading class com/android/tools/r8/internal/ah
Event: 39.932 loading class com/android/tools/r8/internal/ah done
Event: 39.944 loading class com/android/tools/r8/internal/Ug
Event: 39.944 loading class com/android/tools/r8/internal/Ug done
Event: 39.945 loading class com/android/tools/r8/internal/UA$b
Event: 39.945 loading class com/android/tools/r8/internal/UA$b done
Event: 40.017 loading class com/android/build/gradle/internal/errors/MessageReceiverImpl$WhenMappings
Event: 40.017 loading class com/android/build/gradle/internal/errors/MessageReceiverImpl$WhenMappings done
Event: 40.025 loading class com/android/build/gradle/internal/errors/MessageReceiverImplKt
Event: 40.025 loading class com/android/build/gradle/internal/errors/MessageReceiverImplKt done
Event: 40.529 Executing VM operation: G1CollectForAllocation
Event: 40.645 Executing VM operation: G1CollectForAllocation done
Event: 41.844 loading class com/android/tools/r8/internal/Kz
Event: 41.844 loading class com/android/tools/r8/internal/Kz done
Event: 41.870 loading class com/android/tools/r8/internal/Rb
Event: 41.870 loading class com/android/tools/r8/internal/Rb done
Event: 41.904 loading class com/android/tools/r8/internal/yu
Event: 41.904 loading class com/android/tools/r8/internal/yu done


Dynamic libraries:
0x00007ff616810000 - 0x00007ff61681a000 	C:\Program Files\Android\Android Studio\jre\bin\java.exe
0x00007ff92c890000 - 0x00007ff92ca85000 	C:\WINDOWS\SYSTEM32\ntdll.dll
0x00007ff92c6f0000 - 0x00007ff92c7ad000 	C:\WINDOWS\System32\KERNEL32.DLL
0x00007ff92a290000 - 0x00007ff92a558000 	C:\WINDOWS\System32\KERNELBASE.dll
0x00007ff92a660000 - 0x00007ff92a760000 	C:\WINDOWS\System32\ucrtbase.dll
0x00007ff923a30000 - 0x00007ff923a49000 	C:\Program Files\Android\Android Studio\jre\bin\jli.dll
0x00007ff9239b0000 - 0x00007ff9239c7000 	C:\Program Files\Android\Android Studio\jre\bin\VCRUNTIME140.dll
0x00007ff92c1a0000 - 0x00007ff92c340000 	C:\WINDOWS\System32\USER32.dll
0x00007ff92a260000 - 0x00007ff92a282000 	C:\WINDOWS\System32\win32u.dll
0x00007ff92c4b0000 - 0x00007ff92c4da000 	C:\WINDOWS\System32\GDI32.dll
0x00007ff90ceb0000 - 0x00007ff90d14a000 	C:\WINDOWS\WinSxS\amd64_microsoft.windows.common-controls_6595b64144ccf1df_6.0.19041.1052_none_60b8f8fd71f5e8cb\COMCTL32.dll
0x00007ff92a7c0000 - 0x00007ff92a8cb000 	C:\WINDOWS\System32\gdi32full.dll
0x00007ff92c7b0000 - 0x00007ff92c84e000 	C:\WINDOWS\System32\msvcrt.dll
0x00007ff92a060000 - 0x00007ff92a0fd000 	C:\WINDOWS\System32\msvcp_win.dll
0x00007ff92c620000 - 0x00007ff92c650000 	C:\WINDOWS\System32\IMM32.DLL
0x00007ff902860000 - 0x00007ff9028fd000 	C:\Program Files\Android\Android Studio\jre\bin\msvcp140.dll
0x00007ff8e9b00000 - 0x00007ff8ea5cf000 	C:\Program Files\Android\Android Studio\jre\bin\server\jvm.dll
0x00007ff92c3f0000 - 0x00007ff92c49c000 	C:\WINDOWS\System32\ADVAPI32.dll
0x00007ff92c650000 - 0x00007ff92c6eb000 	C:\WINDOWS\System32\sechost.dll
0x00007ff92b340000 - 0x00007ff92b46b000 	C:\WINDOWS\System32\RPCRT4.dll
0x00007ff92c130000 - 0x00007ff92c138000 	C:\WINDOWS\System32\PSAPI.DLL
0x00007ff90b480000 - 0x00007ff90b489000 	C:\WINDOWS\SYSTEM32\WSOCK32.dll
0x00007ff90c790000 - 0x00007ff90c7b7000 	C:\WINDOWS\SYSTEM32\WINMM.dll
0x00007ff923dc0000 - 0x00007ff923dca000 	C:\WINDOWS\SYSTEM32\VERSION.dll
0x00007ff92c060000 - 0x00007ff92c0cb000 	C:\WINDOWS\System32\WS2_32.dll
0x00007ff927f00000 - 0x00007ff927f12000 	C:\WINDOWS\SYSTEM32\kernel.appcore.dll
0x00007ff9258c0000 - 0x00007ff9258d1000 	C:\Program Files\Android\Android Studio\jre\bin\verify.dll
0x00007ff917e30000 - 0x00007ff918014000 	C:\WINDOWS\SYSTEM32\DBGHELP.DLL
0x00007ff9157e0000 - 0x00007ff91580c000 	C:\WINDOWS\SYSTEM32\dbgcore.DLL
0x00007ff929fd0000 - 0x00007ff92a053000 	C:\WINDOWS\System32\bcryptPrimitives.dll
0x00007ff925830000 - 0x00007ff925859000 	C:\Program Files\Android\Android Studio\jre\bin\java.dll
0x00007ff927840000 - 0x00007ff92784b000 	C:\Program Files\Android\Android Studio\jre\bin\jimage.dll
0x00007ff924860000 - 0x00007ff924878000 	C:\Program Files\Android\Android Studio\jre\bin\zip.dll
0x00007ff92aab0000 - 0x00007ff92b1ef000 	C:\WINDOWS\System32\SHELL32.dll
0x00007ff928120000 - 0x00007ff9288b0000 	C:\WINDOWS\SYSTEM32\windows.storage.dll
0x00007ff92b590000 - 0x00007ff92b8e5000 	C:\WINDOWS\System32\combase.dll
0x00007ff929a40000 - 0x00007ff929a6c000 	C:\WINDOWS\SYSTEM32\Wldp.dll
0x00007ff92c340000 - 0x00007ff92c3ee000 	C:\WINDOWS\System32\SHCORE.dll
0x00007ff92b2e0000 - 0x00007ff92b335000 	C:\WINDOWS\System32\shlwapi.dll
0x00007ff929f10000 - 0x00007ff929f2f000 	C:\WINDOWS\SYSTEM32\profapi.dll
0x00007ff923e90000 - 0x00007ff923eaa000 	C:\Program Files\Android\Android Studio\jre\bin\net.dll
0x00007ff925390000 - 0x00007ff92549b000 	C:\WINDOWS\SYSTEM32\WINHTTP.dll
0x00007ff929740000 - 0x00007ff9297aa000 	C:\WINDOWS\system32\mswsock.dll
0x00007ff9237d0000 - 0x00007ff9237e4000 	C:\Program Files\Android\Android Studio\jre\bin\nio.dll
0x00007ff924e80000 - 0x00007ff924ea7000 	C:\Users\User\.gradle\native\8bec1ad78214c89d9ad589b4d07fe93259594b29d510b10fafb7a158f7737e5d\windows-amd64\native-platform.dll
0x00007ff8f5820000 - 0x00007ff8f595d000 	C:\Users\User\.gradle\native\53dbd7edfb1c66fb8903c78663c9afc45aea4f116125fa6feffd364cf09443e8\windows-amd64\native-platform-file-events.dll
0x00007ff9237c0000 - 0x00007ff9237ca000 	C:\Program Files\Android\Android Studio\jre\bin\management.dll
0x00007ff923790000 - 0x00007ff92379c000 	C:\Program Files\Android\Android Studio\jre\bin\management_ext.dll
0x00007ff929980000 - 0x00007ff929998000 	C:\WINDOWS\SYSTEM32\CRYPTSP.dll
0x00007ff929080000 - 0x00007ff9290b4000 	C:\WINDOWS\system32\rsaenh.dll
0x00007ff92a8d0000 - 0x00007ff92a8f7000 	C:\WINDOWS\System32\bcrypt.dll
0x00007ff929e90000 - 0x00007ff929ebe000 	C:\WINDOWS\SYSTEM32\USERENV.dll
0x00007ff9299a0000 - 0x00007ff9299ac000 	C:\WINDOWS\SYSTEM32\CRYPTBASE.dll
0x00007ff929430000 - 0x00007ff92946b000 	C:\WINDOWS\SYSTEM32\IPHLPAPI.DLL
0x00007ff92c4a0000 - 0x00007ff92c4a8000 	C:\WINDOWS\System32\NSI.dll
0x00007ff91d520000 - 0x00007ff91d537000 	C:\WINDOWS\SYSTEM32\dhcpcsvc6.DLL
0x00007ff91d610000 - 0x00007ff91d62d000 	C:\WINDOWS\SYSTEM32\dhcpcsvc.DLL
0x00007ff929470000 - 0x00007ff92953c000 	C:\WINDOWS\SYSTEM32\DNSAPI.dll
0x00007ff8f60b0000 - 0x00007ff8f6254000 	C:\Program Files\Android\Android Studio\jre\bin\awt.dll
0x00007ff92b210000 - 0x00007ff92b2dd000 	C:\WINDOWS\System32\OLEAUT32.dll
0x00007ff927b20000 - 0x00007ff927b4f000 	C:\WINDOWS\SYSTEM32\dwmapi.dll
0x00007ff927630000 - 0x00007ff9276c0000 	C:\WINDOWS\SYSTEM32\apphelp.dll
0x00007ff9279f0000 - 0x00007ff927a8e000 	C:\WINDOWS\system32\uxtheme.dll

dbghelp: loaded successfully - version: 4.0.5 - missing functions: none
symbol engine: initialized successfully - sym options: 0x614 - pdb path: .;C:\Program Files\Android\Android Studio\jre\bin;C:\WINDOWS\SYSTEM32;C:\WINDOWS\WinSxS\amd64_microsoft.windows.common-controls_6595b64144ccf1df_6.0.19041.1052_none_60b8f8fd71f5e8cb;C:\Program Files\Android\Android Studio\jre\bin\server;C:\Users\User\.gradle\native\8bec1ad78214c89d9ad589b4d07fe93259594b29d510b10fafb7a158f7737e5d\windows-amd64;C:\Users\User\.gradle\native\53dbd7edfb1c66fb8903c78663c9afc45aea4f116125fa6feffd364cf09443e8\windows-amd64

VM Arguments:
jvm_args: --add-opens=java.base/java.util=ALL-UNNAMED --add-opens=java.base/java.lang=ALL-UNNAMED --add-opens=java.base/java.lang.invoke=ALL-UNNAMED --add-opens=java.base/java.util=ALL-UNNAMED --add-opens=java.prefs/java.util.prefs=ALL-UNNAMED --add-opens=java.prefs/java.util.prefs=ALL-UNNAMED --add-opens=java.base/java.nio.charset=ALL-UNNAMED --add-opens=java.base/java.net=ALL-UNNAMED --add-opens=java.base/java.util.concurrent.atomic=ALL-UNNAMED -Xmx2048m -Dfile.encoding=UTF-8 -Duser.country=RU -Duser.language=ru -Duser.variant 
java_command: org.gradle.launcher.daemon.bootstrap.GradleDaemon 7.0.2
java_class_path (initial): C:\Users\User\.gradle\wrapper\dists\gradle-7.0.2-bin\857tjihv64xamwrf0h14cai3r\gradle-7.0.2\lib\gradle-launcher-7.0.2.jar
Launcher Type: SUN_STANDARD

[Global flags]
     intx CICompilerCount                          = 3                                         {product} {ergonomic}
     uint ConcGCThreads                            = 1                                         {product} {ergonomic}
     uint G1ConcRefinementThreads                  = 4                                         {product} {ergonomic}
   size_t G1HeapRegionSize                         = 1048576                                   {product} {ergonomic}
    uintx GCDrainStackTargetSize                   = 64                                        {product} {ergonomic}
   size_t InitialHeapSize                          = 132120576                                 {product} {ergonomic}
   size_t MarkStackSize                            = 4194304                                   {product} {ergonomic}
   size_t MaxHeapSize                              = 2147483648                                {product} {command line}
   size_t MaxNewSize                               = 1287651328                                {product} {ergonomic}
   size_t MinHeapDeltaBytes                        = 1048576                                   {product} {ergonomic}
    uintx NonNMethodCodeHeapSize                   = 5830732                                {pd product} {ergonomic}
    uintx NonProfiledCodeHeapSize                  = 122913754                              {pd product} {ergonomic}
    uintx ProfiledCodeHeapSize                     = 122913754                              {pd product} {ergonomic}
    uintx ReservedCodeCacheSize                    = 251658240                              {pd product} {ergonomic}
     bool SegmentedCodeCache                       = true                                      {product} {ergonomic}
     bool UseCompressedClassPointers               = true                                 {lp64_product} {ergonomic}
     bool UseCompressedOops                        = true                                 {lp64_product} {ergonomic}
     bool UseG1GC                                  = true                                      {product} {ergonomic}
     bool UseLargePagesIndividualAllocation        = false                                  {pd product} {ergonomic}

Logging:
Log output configuration:
 #0: stdout all=warning uptime,level,tags
 #1: stderr all=off uptime,level,tags

Environment Variables:
PATH=C:\WINDOWS\system32;C:\WINDOWS;C:\WINDOWS\System32\Wbem;C:\WINDOWS\System32\WindowsPowerShell\v1.0\;C:\WINDOWS\System32\OpenSSH\;C:\Program Files\dotnet\;C:\Program Files\Microsoft SQL Server\130\Tools\Binn\;C:\Program Files\Microsoft SQL Server\Client SDK\ODBC\170\Tools\Binn\;C:\Program Files\Git\cmd;C:\Program Files (x86)\IncrediBuild;C:\Users\User\AppData\Local\Programs\Python\Python39\Scripts\;C:\Users\User\AppData\Local\Programs\Python\Python39\;C:\Program Files\Java\jdk-14.0.1\bin;C:\Users\User\.dotnet\tools;C:\Users\User\AppData\Local\Microsoft\WindowsApps;;C:\Users\User\AppData\Local\Programs\Microsoft VS Code\bin
USERNAME=User
OS=Windows_NT
PROCESSOR_IDENTIFIER=Intel64 Family 6 Model 142 Stepping 11, GenuineIntel



---------------  S Y S T E M  ---------------

OS: Windows 10 , 64 bit Build 19041 (10.0.19041.1023)
OS uptime: 2 days 15:37 hours

CPU:total 4 (initial active 4) (2 cores per cpu, 2 threads per core) family 6 model 142 stepping 11 microcode 0xae, cmov, cx8, fxsr, mmx, sse, sse2, sse3, ssse3, sse4.1, sse4.2, popcnt, avx, avx2, aes, clmul, erms, 3dnowpref, lzcnt, ht, tsc, tscinvbit, bmi1, bmi2, adx, fma

Memory: 4k page, system-wide physical 8049M (797M free)
TotalPageFile size 11298M (AvailPageFile size 1017M)
current process WorkingSet (physical memory assigned to process): 434M, peak: 586M
current process commit charge ("private bytes"): 717M, peak: 722M

vm_info: OpenJDK 64-Bit Server VM (11.0.10+0-b96-7249189) for windows-amd64 JRE (11.0.10+0-b96-7249189), built on Mar 31 2021 21:44:00 by "builder" with MS VC++ 14.0 (VS2015)

END.
